#
# There is insufficient memory for the Java Runtime Environment to continue.
# Native memory allocation (malloc) failed to allocate 1048576 bytes for AllocateHeap
# Possible reasons:
#   The system is out of physical RAM or swap space
#   The process is running with CompressedOops enabled, and the Java Heap may be blocking the growth of the native heap
# Possible solutions:
#   Reduce memory load on the system
#   Increase physical memory or swap space
#   Check if swap backing store is full
#   Decrease Java heap size (-Xmx/-Xms)
#   Decrease number of Java threads
#   Decrease Java thread stack sizes (-Xss)
#   Set larger code cache with -XX:ReservedCodeCacheSize=
#   JVM is running with Unscaled Compressed Oops mode in which the Java heap is
#     placed in the first 4GB address space. The Java Heap base address is the
#     maximum limit for the native heap growth. Please use -XX:HeapBaseMinAddress
#     to set the Java Heap base and to place the Java Heap above 4GB virtual address.
# This output file may be truncated or incomplete.
#
#  Out of Memory Error (./open/src/hotspot/share/memory/allocation.cpp:46), pid=4760, tid=9712
#
# JRE version: Java(TM) SE Runtime Environment 18.9 (11.0.15+8) (build 11.0.15+8-LTS-149)
# Java VM: Java HotSpot(TM) 64-Bit Server VM 18.9 (11.0.15+8-LTS-149, mixed mode, tiered, compressed oops, g1 gc, windows-amd64)
# No core dump will be written. Minidumps are not enabled by default on client versions of Windows
#

---------------  S U M M A R Y ------------

Command Line: -Dcom.sun.management.jmxremote -Dcom.sun.management.jmxremote.port=51650 -Dcom.sun.management.jmxremote.authenticate=false -Dcom.sun.management.jmxremote.ssl=false -Djava.rmi.server.hostname=localhost -Dspring.jmx.enabled=true -Dspring.application.admin.enabled=true -XX:TieredStopAtLevel=1 -Dspring.boot.project.name=amazon -Dfile.encoding=UTF-8 amazonapp.AmazonApplication --spring.output.ansi.enabled=always

Host: Intel(R) Xeon(R) Platinum 8171M CPU @ 2.60GHz, 2 cores, 7G,  Windows 10 , 64 bit Build 19041 (10.0.19041.1706)
Time: Sun May 29 06:29:58 2022 Coordinated Universal Time elapsed time: 5.796421 seconds (0d 0h 0m 5s)

---------------  T H R E A D  ---------------

Current thread (0x00000157ad522000):  VMThread "VM Thread" [stack: 0x000000556cf00000,0x000000556d000000] [id=9712]

Stack: [0x000000556cf00000,0x000000556d000000]
[error occurred during error reporting (printing stack bounds), id 0xc0000005, EXCEPTION_ACCESS_VIOLATION (0xc0000005) at pc=0x00000157970f0f2d]

Native frames: (J=compiled Java code, j=interpreted, Vv=VM code, C=native code)
V  [jvm.dll+0x629d8a]
V  [jvm.dll+0x7638ff]
V  [jvm.dll+0x764fa9]
V  [jvm.dll+0x765595]
V  [jvm.dll+0x76554b]
V  [jvm.dll+0x629273]
V  [jvm.dll+0x629988]
C  [ntdll.dll+0xa209f]
C  [ntdll.dll+0x51454]
C  [ntdll.dll+0xa0bce]
C  0x00000157970f0f2d

VM_Operation (0x000000556e3fb990): CollectForMetadataAllocation, mode: safepoint, requested by thread 0x00000157ae9f0800


---------------  P R O C E S S  ---------------

Threads class SMR info:
_java_thread_list=0x00000157b05ab0f0, length=24, elements={
0x000001578e274000, 0x00000157ad526800, 0x00000157ad531800, 0x00000157ad545000,
0x00000157ad546000, 0x00000157ad547800, 0x00000157ad54f000, 0x00000157ad554800,
0x000001578e34c000, 0x00000157ae575000, 0x00000157ae5a8800, 0x00000157ae5d0000,
0x00000157ae959800, 0x00000157ae97c800, 0x00000157ae990000, 0x00000157ae60d800,
0x00000157ae9cf000, 0x00000157ae9f0800, 0x00000157b053c000, 0x00000157b0537000,
0x00000157b053b000, 0x00000157b0536800, 0x00000157b0538800, 0x00000157b053d000
}

Java Threads: ( => current thread )
  0x000001578e274000 JavaThread "main" [_thread_blocked, id=10200, stack(0x000000556c900000,0x000000556ca00000)]
  0x00000157ad526800 JavaThread "Reference Handler" daemon [_thread_blocked, id=12380, stack(0x000000556d000000,0x000000556d100000)]
  0x00000157ad531800 JavaThread "Finalizer" daemon [_thread_blocked, id=13528, stack(0x000000556d100000,0x000000556d200000)]
  0x00000157ad545000 JavaThread "Signal Dispatcher" daemon [_thread_blocked, id=8188, stack(0x000000556d200000,0x000000556d300000)]
  0x00000157ad546000 JavaThread "Attach Listener" daemon [_thread_blocked, id=1328, stack(0x000000556d300000,0x000000556d400000)]
  0x00000157ad547800 JavaThread "Service Thread" daemon [_thread_blocked, id=1340, stack(0x000000556d400000,0x000000556d500000)]
  0x00000157ad54f000 JavaThread "C1 CompilerThread0" daemon [_thread_blocked, id=3980, stack(0x000000556d500000,0x000000556d600000)]
  0x00000157ad554800 JavaThread "Sweeper thread" daemon [_thread_blocked, id=12108, stack(0x000000556d600000,0x000000556d700000)]
  0x000001578e34c000 JavaThread "Common-Cleaner" daemon [_thread_blocked, id=12312, stack(0x000000556d700000,0x000000556d800000)]
  0x00000157ae575000 JavaThread "RMI TCP Accept-0" daemon [_thread_in_native, id=11240, stack(0x000000556da00000,0x000000556db00000)]
  0x00000157ae5a8800 JavaThread "RMI TCP Accept-51650" daemon [_thread_in_native, id=13872, stack(0x000000556db00000,0x000000556dc00000)]
  0x00000157ae5d0000 JavaThread "RMI TCP Accept-0" daemon [_thread_in_native, id=12076, stack(0x000000556dc00000,0x000000556dd00000)]
  0x00000157ae959800 JavaThread "RMI TCP Connection(1)-127.0.0.1" daemon [_thread_in_native, id=4116, stack(0x000000556de00000,0x000000556df00000)]
  0x00000157ae97c800 JavaThread "RMI TCP Connection(2)-127.0.0.1" daemon [_thread_in_native, id=12224, stack(0x000000556df00000,0x000000556e000000)]
  0x00000157ae990000 JavaThread "RMI Scheduler(0)" daemon [_thread_blocked, id=8772, stack(0x000000556e000000,0x000000556e100000)]
  0x00000157ae60d800 JavaThread "JMX server connection timeout 18" daemon [_thread_blocked, id=11408, stack(0x000000556e100000,0x000000556e200000)]
  0x00000157ae9cf000 JavaThread "Thread-0" [_thread_blocked, id=14308, stack(0x000000556e200000,0x000000556e300000)]
  0x00000157ae9f0800 JavaThread "restartedMain" [_thread_blocked, id=11468, stack(0x000000556e300000,0x000000556e400000)]
  0x00000157b053c000 JavaThread "RMI TCP Connection(3)-127.0.0.1" daemon [_thread_in_native, id=8508, stack(0x000000556e400000,0x000000556e500000)]
  0x00000157b0537000 JavaThread "JMX server connection timeout 26" daemon [_thread_blocked, id=8568, stack(0x000000556e500000,0x000000556e600000)]
  0x00000157b053b000 JavaThread "mysql-cj-abandoned-connection-cleanup" daemon [_thread_blocked, id=5208, stack(0x000000556e600000,0x000000556e700000)]
  0x00000157b0536800 JavaThread "Catalina-utility-1" [_thread_blocked, id=956, stack(0x000000556e700000,0x000000556e800000)]
  0x00000157b0538800 JavaThread "Catalina-utility-2" [_thread_blocked, id=3496, stack(0x000000556e800000,0x000000556e900000)]
  0x00000157b053d000 JavaThread "container-0" [_thread_blocked, id=8496, stack(0x000000556e900000,0x000000556ea00000)]

Other Threads:
=>0x00000157ad522000 VMThread "VM Thread" [stack: 0x000000556cf00000,0x000000556d000000] [id=9712]
  0x00000157ae5d9800 WatcherThread [stack: 0x000000556dd00000,0x000000556de00000] [id=14120]
  0x000001578e288800 GCTaskThread "GC Thread#0" [stack: 0x000000556ca00000,0x000000556cb00000] [id=5344]
  0x00000157ae3f0800 GCTaskThread "GC Thread#1" [stack: 0x000000556d800000,0x000000556d900000] [id=12080]
  0x000001578e2b8800 ConcurrentGCThread "G1 Main Marker" [stack: 0x000000556cb00000,0x000000556cc00000] [id=5768]
  0x000001578e2bc800 ConcurrentGCThread "G1 Conc#0" [stack: 0x000000556cc00000,0x000000556cd00000] [id=972]
  0x000001578e345000 ConcurrentGCThread "G1 Refine#0" [stack: 0x000000556cd00000,0x000000556ce00000] [id=11284]
  0x000001578e346000 ConcurrentGCThread "G1 Young RemSet Sampling" [stack: 0x000000556ce00000,0x000000556cf00000] [id=7484]

Threads with active compile tasks:

VM state:at safepoint (normal execution)

VM Mutex/Monitor currently owned by a thread:  ([mutex/lock_event])
[0x000001578e26f770] Threads_lock - owner thread: 0x00000157ad522000
[0x000001578e26eb10] Heap_lock - owner thread: 0x00000157ae9f0800

Heap address: 0x0000000080000000, size: 2048 MB, Compressed Oops mode: 32-bit
Narrow klass base: 0x0000000000000000, Narrow klass shift: 3
Compressed class space size: 1073741824 Address: 0x0000000100000000

Heap:
 garbage-first heap   total 209920K, used 18711K [0x0000000080000000, 0x0000000100000000)
  region size 1024K, 10 young (10240K), 10 survivors (10240K)
 Metaspace       used 41339K, capacity 42864K, committed 42880K, reserved 1093632K
  class space    used 5380K, capacity 6003K, committed 6016K, reserved 1048576K
Heap Regions: E=young(eden), S=young(survivor), O=old, HS=humongous(starts), HC=humongous(continues), CS=collection set, F=free, A=archive, TAMS=top-at-mark-start (previous, next)
|   0|0x0000000080000000, 0x0000000080100000, 0x0000000080100000|100%|HS|  |TAMS 0x0000000080100000, 0x0000000080100000| Complete 
|   1|0x0000000080100000, 0x0000000080200000, 0x0000000080200000|100%| O|  |TAMS 0x0000000080200000, 0x0000000080200000| Untracked 
|   2|0x0000000080200000, 0x0000000080300000, 0x0000000080300000|100%| O|  |TAMS 0x0000000080300000, 0x0000000080300000| Untracked 
|   3|0x0000000080300000, 0x0000000080400000, 0x0000000080400000|100%| O|  |TAMS 0x0000000080400000, 0x0000000080400000| Untracked 
|   4|0x0000000080400000, 0x0000000080500000, 0x0000000080500000|100%| O|  |TAMS 0x0000000080500000, 0x0000000080500000| Untracked 
|   5|0x0000000080500000, 0x0000000080600000, 0x0000000080600000|100%| O|  |TAMS 0x0000000080600000, 0x0000000080600000| Untracked 
|   6|0x0000000080600000, 0x0000000080700000, 0x0000000080700000|100%| O|  |TAMS 0x0000000080700000, 0x0000000080700000| Untracked 
|   7|0x0000000080700000, 0x0000000080800000, 0x0000000080800000|100%| O|  |TAMS 0x0000000080704200, 0x0000000080800000| Untracked 
|   8|0x0000000080800000, 0x0000000080845c00, 0x0000000080900000| 27%| O|  |TAMS 0x0000000080800000, 0x0000000080845c00| Untracked 
|   9|0x0000000080900000, 0x0000000080900000, 0x0000000080a00000|  0%| F|  |TAMS 0x0000000080900000, 0x0000000080900000| Untracked 
|  10|0x0000000080a00000, 0x0000000080a00000, 0x0000000080b00000|  0%| F|  |TAMS 0x0000000080a00000, 0x0000000080a00000| Untracked 
|  11|0x0000000080b00000, 0x0000000080b00000, 0x0000000080c00000|  0%| F|  |TAMS 0x0000000080b00000, 0x0000000080b00000| Untracked 
|  12|0x0000000080c00000, 0x0000000080c00000, 0x0000000080d00000|  0%| F|  |TAMS 0x0000000080c00000, 0x0000000080c00000| Untracked 
|  13|0x0000000080d00000, 0x0000000080d00000, 0x0000000080e00000|  0%| F|  |TAMS 0x0000000080d00000, 0x0000000080d00000| Untracked 
|  14|0x0000000080e00000, 0x0000000080e00000, 0x0000000080f00000|  0%| F|  |TAMS 0x0000000080e00000, 0x0000000080e00000| Untracked 
|  15|0x0000000080f00000, 0x0000000080f00000, 0x0000000081000000|  0%| F|  |TAMS 0x0000000080f00000, 0x0000000080f00000| Untracked 
|  16|0x0000000081000000, 0x0000000081000000, 0x0000000081100000|  0%| F|  |TAMS 0x0000000081000000, 0x0000000081000000| Untracked 
|  17|0x0000000081100000, 0x0000000081100000, 0x0000000081200000|  0%| F|  |TAMS 0x0000000081100000, 0x0000000081100000| Untracked 
|  18|0x0000000081200000, 0x0000000081200000, 0x0000000081300000|  0%| F|  |TAMS 0x0000000081200000, 0x0000000081200000| Untracked 
|  19|0x0000000081300000, 0x0000000081300000, 0x0000000081400000|  0%| F|  |TAMS 0x0000000081300000, 0x0000000081300000| Untracked 
|  20|0x0000000081400000, 0x0000000081400000, 0x0000000081500000|  0%| F|  |TAMS 0x0000000081400000, 0x0000000081400000| Untracked 
|  21|0x0000000081500000, 0x0000000081500000, 0x0000000081600000|  0%| F|  |TAMS 0x0000000081500000, 0x0000000081500000| Untracked 
|  22|0x0000000081600000, 0x0000000081600000, 0x0000000081700000|  0%| F|  |TAMS 0x0000000081600000, 0x0000000081600000| Untracked 
|  23|0x0000000081700000, 0x0000000081700000, 0x0000000081800000|  0%| F|  |TAMS 0x0000000081700000, 0x0000000081700000| Untracked 
|  24|0x0000000081800000, 0x0000000081800000, 0x0000000081900000|  0%| F|  |TAMS 0x0000000081800000, 0x0000000081800000| Untracked 
|  25|0x0000000081900000, 0x0000000081900000, 0x0000000081a00000|  0%| F|  |TAMS 0x0000000081900000, 0x0000000081900000| Untracked 
|  26|0x0000000081a00000, 0x0000000081a00000, 0x0000000081b00000|  0%| F|  |TAMS 0x0000000081a00000, 0x0000000081a00000| Untracked 
|  27|0x0000000081b00000, 0x0000000081b00000, 0x0000000081c00000|  0%| F|  |TAMS 0x0000000081b00000, 0x0000000081b00000| Untracked 
|  28|0x0000000081c00000, 0x0000000081c00000, 0x0000000081d00000|  0%| F|  |TAMS 0x0000000081c00000, 0x0000000081c00000| Untracked 
|  29|0x0000000081d00000, 0x0000000081d00000, 0x0000000081e00000|  0%| F|  |TAMS 0x0000000081d00000, 0x0000000081d00000| Untracked 
|  30|0x0000000081e00000, 0x0000000081e00000, 0x0000000081f00000|  0%| F|  |TAMS 0x0000000081e00000, 0x0000000081e00000| Untracked 
|  31|0x0000000081f00000, 0x0000000081f00000, 0x0000000082000000|  0%| F|  |TAMS 0x0000000081f00000, 0x0000000081f00000| Untracked 
|  32|0x0000000082000000, 0x0000000082000000, 0x0000000082100000|  0%| F|  |TAMS 0x0000000082000000, 0x0000000082000000| Untracked 
|  33|0x0000000082100000, 0x0000000082100000, 0x0000000082200000|  0%| F|  |TAMS 0x0000000082100000, 0x0000000082100000| Untracked 
|  34|0x0000000082200000, 0x0000000082200000, 0x0000000082300000|  0%| F|  |TAMS 0x0000000082200000, 0x0000000082200000| Untracked 
|  35|0x0000000082300000, 0x0000000082300000, 0x0000000082400000|  0%| F|  |TAMS 0x0000000082300000, 0x0000000082300000| Untracked 
|  36|0x0000000082400000, 0x0000000082400000, 0x0000000082500000|  0%| F|  |TAMS 0x0000000082400000, 0x0000000082400000| Untracked 
|  37|0x0000000082500000, 0x0000000082500000, 0x0000000082600000|  0%| F|  |TAMS 0x0000000082500000, 0x0000000082500000| Untracked 
|  38|0x0000000082600000, 0x0000000082600000, 0x0000000082700000|  0%| F|  |TAMS 0x0000000082600000, 0x0000000082600000| Untracked 
|  39|0x0000000082700000, 0x0000000082700000, 0x0000000082800000|  0%| F|  |TAMS 0x0000000082700000, 0x0000000082700000| Untracked 
|  40|0x0000000082800000, 0x0000000082800000, 0x0000000082900000|  0%| F|  |TAMS 0x0000000082800000, 0x0000000082800000| Untracked 
|  41|0x0000000082900000, 0x0000000082900000, 0x0000000082a00000|  0%| F|  |TAMS 0x0000000082900000, 0x0000000082900000| Untracked 
|  42|0x0000000082a00000, 0x0000000082a00000, 0x0000000082b00000|  0%| F|  |TAMS 0x0000000082a00000, 0x0000000082a00000| Untracked 
|  43|0x0000000082b00000, 0x0000000082b00000, 0x0000000082c00000|  0%| F|  |TAMS 0x0000000082b00000, 0x0000000082b00000| Untracked 
|  44|0x0000000082c00000, 0x0000000082c00000, 0x0000000082d00000|  0%| F|  |TAMS 0x0000000082c00000, 0x0000000082c00000| Untracked 
|  45|0x0000000082d00000, 0x0000000082d00000, 0x0000000082e00000|  0%| F|  |TAMS 0x0000000082d00000, 0x0000000082d00000| Untracked 
|  46|0x0000000082e00000, 0x0000000082e00000, 0x0000000082f00000|  0%| F|  |TAMS 0x0000000082e00000, 0x0000000082e00000| Untracked 
|  47|0x0000000082f00000, 0x0000000082f00000, 0x0000000083000000|  0%| F|  |TAMS 0x0000000082f00000, 0x0000000082f00000| Untracked 
|  48|0x0000000083000000, 0x0000000083000000, 0x0000000083100000|  0%| F|  |TAMS 0x0000000083000000, 0x0000000083000000| Untracked 
|  49|0x0000000083100000, 0x0000000083100000, 0x0000000083200000|  0%| F|  |TAMS 0x0000000083100000, 0x0000000083100000| Untracked 
|  50|0x0000000083200000, 0x0000000083200000, 0x0000000083300000|  0%| F|  |TAMS 0x0000000083200000, 0x0000000083200000| Untracked 
|  51|0x0000000083300000, 0x0000000083300000, 0x0000000083400000|  0%| F|  |TAMS 0x0000000083300000, 0x0000000083300000| Untracked 
|  52|0x0000000083400000, 0x0000000083400000, 0x0000000083500000|  0%| F|  |TAMS 0x0000000083400000, 0x0000000083400000| Untracked 
|  53|0x0000000083500000, 0x0000000083500000, 0x0000000083600000|  0%| F|  |TAMS 0x0000000083500000, 0x0000000083500000| Untracked 
|  54|0x0000000083600000, 0x0000000083600000, 0x0000000083700000|  0%| F|  |TAMS 0x0000000083600000, 0x0000000083600000| Untracked 
|  55|0x0000000083700000, 0x0000000083700000, 0x0000000083800000|  0%| F|  |TAMS 0x0000000083700000, 0x0000000083700000| Untracked 
|  56|0x0000000083800000, 0x0000000083800000, 0x0000000083900000|  0%| F|  |TAMS 0x0000000083800000, 0x0000000083800000| Untracked 
|  57|0x0000000083900000, 0x0000000083900000, 0x0000000083a00000|  0%| F|  |TAMS 0x0000000083900000, 0x0000000083900000| Untracked 
|  58|0x0000000083a00000, 0x0000000083a00000, 0x0000000083b00000|  0%| F|  |TAMS 0x0000000083a00000, 0x0000000083a00000| Untracked 
|  59|0x0000000083b00000, 0x0000000083b00000, 0x0000000083c00000|  0%| F|  |TAMS 0x0000000083b00000, 0x0000000083b00000| Untracked 
|  60|0x0000000083c00000, 0x0000000083c00000, 0x0000000083d00000|  0%| F|  |TAMS 0x0000000083c00000, 0x0000000083c00000| Untracked 
|  61|0x0000000083d00000, 0x0000000083d00000, 0x0000000083e00000|  0%| F|  |TAMS 0x0000000083d00000, 0x0000000083d00000| Untracked 
|  62|0x0000000083e00000, 0x0000000083e00000, 0x0000000083f00000|  0%| F|  |TAMS 0x0000000083e00000, 0x0000000083e00000| Untracked 
|  63|0x0000000083f00000, 0x0000000083f00000, 0x0000000084000000|  0%| F|  |TAMS 0x0000000083f00000, 0x0000000083f00000| Untracked 
|  64|0x0000000084000000, 0x0000000084000000, 0x0000000084100000|  0%| F|  |TAMS 0x0000000084000000, 0x0000000084000000| Untracked 
|  65|0x0000000084100000, 0x0000000084100000, 0x0000000084200000|  0%| F|  |TAMS 0x0000000084100000, 0x0000000084100000| Untracked 
|  66|0x0000000084200000, 0x0000000084200000, 0x0000000084300000|  0%| F|  |TAMS 0x0000000084200000, 0x0000000084200000| Untracked 
|  67|0x0000000084300000, 0x0000000084300000, 0x0000000084400000|  0%| F|  |TAMS 0x0000000084300000, 0x0000000084300000| Untracked 
|  68|0x0000000084400000, 0x0000000084400000, 0x0000000084500000|  0%| F|  |TAMS 0x0000000084400000, 0x0000000084400000| Untracked 
|  69|0x0000000084500000, 0x0000000084500000, 0x0000000084600000|  0%| F|  |TAMS 0x0000000084500000, 0x0000000084500000| Untracked 
|  70|0x0000000084600000, 0x0000000084600000, 0x0000000084700000|  0%| F|  |TAMS 0x0000000084600000, 0x0000000084600000| Untracked 
|  71|0x0000000084700000, 0x0000000084700000, 0x0000000084800000|  0%| F|  |TAMS 0x0000000084700000, 0x0000000084700000| Untracked 
|  72|0x0000000084800000, 0x0000000084800000, 0x0000000084900000|  0%| F|  |TAMS 0x0000000084800000, 0x0000000084800000| Untracked 
|  73|0x0000000084900000, 0x0000000084900000, 0x0000000084a00000|  0%| F|  |TAMS 0x0000000084900000, 0x0000000084900000| Untracked 
|  74|0x0000000084a00000, 0x0000000084a00000, 0x0000000084b00000|  0%| F|  |TAMS 0x0000000084a00000, 0x0000000084a00000| Untracked 
|  75|0x0000000084b00000, 0x0000000084b00000, 0x0000000084c00000|  0%| F|  |TAMS 0x0000000084b00000, 0x0000000084b00000| Untracked 
|  76|0x0000000084c00000, 0x0000000084c00000, 0x0000000084d00000|  0%| F|  |TAMS 0x0000000084c00000, 0x0000000084c00000| Untracked 
|  77|0x0000000084d00000, 0x0000000084d00000, 0x0000000084e00000|  0%| F|  |TAMS 0x0000000084d00000, 0x0000000084d00000| Untracked 
|  78|0x0000000084e00000, 0x0000000084e00000, 0x0000000084f00000|  0%| F|  |TAMS 0x0000000084e00000, 0x0000000084e00000| Untracked 
|  79|0x0000000084f00000, 0x0000000084f00000, 0x0000000085000000|  0%| F|  |TAMS 0x0000000084f00000, 0x0000000084f00000| Untracked 
|  80|0x0000000085000000, 0x0000000085000000, 0x0000000085100000|  0%| F|  |TAMS 0x0000000085000000, 0x0000000085000000| Untracked 
|  81|0x0000000085100000, 0x0000000085100000, 0x0000000085200000|  0%| F|  |TAMS 0x0000000085100000, 0x0000000085100000| Untracked 
|  82|0x0000000085200000, 0x0000000085200000, 0x0000000085300000|  0%| F|  |TAMS 0x0000000085200000, 0x0000000085200000| Untracked 
|  83|0x0000000085300000, 0x0000000085300000, 0x0000000085400000|  0%| F|  |TAMS 0x0000000085300000, 0x0000000085300000| Untracked 
|  84|0x0000000085400000, 0x0000000085400000, 0x0000000085500000|  0%| F|  |TAMS 0x0000000085400000, 0x0000000085400000| Untracked 
|  85|0x0000000085500000, 0x0000000085500000, 0x0000000085600000|  0%| F|  |TAMS 0x0000000085500000, 0x0000000085500000| Untracked 
|  86|0x0000000085600000, 0x0000000085600000, 0x0000000085700000|  0%| F|  |TAMS 0x0000000085600000, 0x0000000085600000| Untracked 
|  87|0x0000000085700000, 0x0000000085700000, 0x0000000085800000|  0%| F|  |TAMS 0x0000000085700000, 0x0000000085700000| Untracked 
|  88|0x0000000085800000, 0x0000000085800000, 0x0000000085900000|  0%| F|  |TAMS 0x0000000085800000, 0x0000000085800000| Untracked 
|  89|0x0000000085900000, 0x0000000085900000, 0x0000000085a00000|  0%| F|  |TAMS 0x0000000085900000, 0x0000000085900000| Untracked 
|  90|0x0000000085a00000, 0x0000000085a00000, 0x0000000085b00000|  0%| F|  |TAMS 0x0000000085a00000, 0x0000000085a00000| Untracked 
|  91|0x0000000085b00000, 0x0000000085b00000, 0x0000000085c00000|  0%| F|  |TAMS 0x0000000085b00000, 0x0000000085b00000| Untracked 
|  92|0x0000000085c00000, 0x0000000085c00000, 0x0000000085d00000|  0%| F|  |TAMS 0x0000000085c00000, 0x0000000085c00000| Untracked 
|  93|0x0000000085d00000, 0x0000000085d00000, 0x0000000085e00000|  0%| F|  |TAMS 0x0000000085d00000, 0x0000000085d00000| Untracked 
|  94|0x0000000085e00000, 0x0000000085e00000, 0x0000000085f00000|  0%| F|  |TAMS 0x0000000085e00000, 0x0000000085e00000| Untracked 
|  95|0x0000000085f00000, 0x0000000085f00000, 0x0000000086000000|  0%| F|  |TAMS 0x0000000085f00000, 0x0000000085f00000| Untracked 
|  96|0x0000000086000000, 0x0000000086000000, 0x0000000086100000|  0%| F|  |TAMS 0x0000000086000000, 0x0000000086000000| Untracked 
|  97|0x0000000086100000, 0x0000000086100000, 0x0000000086200000|  0%| F|  |TAMS 0x0000000086100000, 0x0000000086100000| Untracked 
|  98|0x0000000086200000, 0x0000000086200000, 0x0000000086300000|  0%| F|  |TAMS 0x0000000086200000, 0x0000000086200000| Untracked 
|  99|0x0000000086300000, 0x0000000086300000, 0x0000000086400000|  0%| F|  |TAMS 0x0000000086300000, 0x0000000086300000| Untracked 
| 100|0x0000000086400000, 0x0000000086400000, 0x0000000086500000|  0%| F|  |TAMS 0x0000000086400000, 0x0000000086400000| Untracked 
| 101|0x0000000086500000, 0x0000000086500000, 0x0000000086600000|  0%| F|  |TAMS 0x0000000086500000, 0x0000000086500000| Untracked 
| 102|0x0000000086600000, 0x0000000086600000, 0x0000000086700000|  0%| F|  |TAMS 0x0000000086600000, 0x0000000086600000| Untracked 
| 103|0x0000000086700000, 0x0000000086700000, 0x0000000086800000|  0%| F|  |TAMS 0x0000000086700000, 0x0000000086700000| Untracked 
| 104|0x0000000086800000, 0x0000000086800000, 0x0000000086900000|  0%| F|  |TAMS 0x0000000086800000, 0x0000000086800000| Untracked 
| 105|0x0000000086900000, 0x0000000086900000, 0x0000000086a00000|  0%| F|  |TAMS 0x0000000086900000, 0x0000000086900000| Untracked 
| 106|0x0000000086a00000, 0x0000000086a00000, 0x0000000086b00000|  0%| F|  |TAMS 0x0000000086a00000, 0x0000000086a00000| Untracked 
| 107|0x0000000086b00000, 0x0000000086b00000, 0x0000000086c00000|  0%| F|  |TAMS 0x0000000086b00000, 0x0000000086b00000| Untracked 
| 108|0x0000000086c00000, 0x0000000086c00000, 0x0000000086d00000|  0%| F|  |TAMS 0x0000000086c00000, 0x0000000086c00000| Untracked 
| 109|0x0000000086d00000, 0x0000000086d00000, 0x0000000086e00000|  0%| F|  |TAMS 0x0000000086d00000, 0x0000000086d00000| Untracked 
| 110|0x0000000086e00000, 0x0000000086e00000, 0x0000000086f00000|  0%| F|  |TAMS 0x0000000086e00000, 0x0000000086e00000| Untracked 
| 111|0x0000000086f00000, 0x0000000086f00000, 0x0000000087000000|  0%| F|  |TAMS 0x0000000086f00000, 0x0000000086f00000| Untracked 
| 112|0x0000000087000000, 0x0000000087000000, 0x0000000087100000|  0%| F|  |TAMS 0x0000000087000000, 0x0000000087000000| Untracked 
| 113|0x0000000087100000, 0x0000000087100000, 0x0000000087200000|  0%| F|  |TAMS 0x0000000087100000, 0x0000000087100000| Untracked 
| 114|0x0000000087200000, 0x0000000087200000, 0x0000000087300000|  0%| F|  |TAMS 0x0000000087200000, 0x0000000087200000| Untracked 
| 115|0x0000000087300000, 0x0000000087300000, 0x0000000087400000|  0%| F|  |TAMS 0x0000000087300000, 0x0000000087300000| Untracked 
| 116|0x0000000087400000, 0x0000000087400000, 0x0000000087500000|  0%| F|  |TAMS 0x0000000087400000, 0x0000000087400000| Untracked 
| 117|0x0000000087500000, 0x0000000087500000, 0x0000000087600000|  0%| F|  |TAMS 0x0000000087500000, 0x0000000087500000| Untracked 
| 118|0x0000000087600000, 0x0000000087600000, 0x0000000087700000|  0%| F|  |TAMS 0x0000000087600000, 0x0000000087600000| Untracked 
| 119|0x0000000087700000, 0x0000000087700000, 0x0000000087800000|  0%| F|  |TAMS 0x0000000087700000, 0x0000000087700000| Untracked 
| 120|0x0000000087800000, 0x0000000087800000, 0x0000000087900000|  0%| F|  |TAMS 0x0000000087800000, 0x0000000087800000| Untracked 
| 121|0x0000000087900000, 0x0000000087900000, 0x0000000087a00000|  0%| F|  |TAMS 0x0000000087900000, 0x0000000087900000| Untracked 
| 122|0x0000000087a00000, 0x0000000087a00000, 0x0000000087b00000|  0%| F|  |TAMS 0x0000000087a00000, 0x0000000087a00000| Untracked 
| 123|0x0000000087b00000, 0x0000000087b00000, 0x0000000087c00000|  0%| F|  |TAMS 0x0000000087b00000, 0x0000000087b00000| Untracked 
| 124|0x0000000087c00000, 0x0000000087c00000, 0x0000000087d00000|  0%| F|  |TAMS 0x0000000087c00000, 0x0000000087c00000| Untracked 
| 125|0x0000000087d00000, 0x0000000087d00000, 0x0000000087e00000|  0%| F|  |TAMS 0x0000000087d00000, 0x0000000087d00000| Untracked 
| 126|0x0000000087e00000, 0x0000000087e00000, 0x0000000087f00000|  0%| F|  |TAMS 0x0000000087e00000, 0x0000000087e00000| Untracked 
| 127|0x0000000087f00000, 0x0000000087f00000, 0x0000000088000000|  0%| F|  |TAMS 0x0000000087f00000, 0x0000000087f00000| Untracked 
| 128|0x0000000088000000, 0x0000000088000000, 0x0000000088100000|  0%| F|  |TAMS 0x0000000088000000, 0x0000000088000000| Untracked 
| 129|0x0000000088100000, 0x0000000088100000, 0x0000000088200000|  0%| F|  |TAMS 0x0000000088100000, 0x0000000088100000| Untracked 
| 130|0x0000000088200000, 0x0000000088200000, 0x0000000088300000|  0%| F|  |TAMS 0x0000000088200000, 0x0000000088200000| Untracked 
| 131|0x0000000088300000, 0x0000000088300000, 0x0000000088400000|  0%| F|  |TAMS 0x0000000088300000, 0x0000000088300000| Untracked 
| 132|0x0000000088400000, 0x0000000088500000, 0x0000000088500000|100%| S|CS|TAMS 0x0000000088400000, 0x0000000088400000| Complete 
| 133|0x0000000088500000, 0x0000000088600000, 0x0000000088600000|100%| S|CS|TAMS 0x0000000088500000, 0x0000000088500000| Complete 
| 134|0x0000000088600000, 0x0000000088700000, 0x0000000088700000|100%| S|CS|TAMS 0x0000000088600000, 0x0000000088600000| Complete 
| 135|0x0000000088700000, 0x0000000088800000, 0x0000000088800000|100%| S|CS|TAMS 0x0000000088700000, 0x0000000088700000| Complete 
| 136|0x0000000088800000, 0x0000000088900000, 0x0000000088900000|100%| S|CS|TAMS 0x0000000088800000, 0x0000000088800000| Complete 
| 137|0x0000000088900000, 0x0000000088a00000, 0x0000000088a00000|100%| S|CS|TAMS 0x0000000088900000, 0x0000000088900000| Complete 
| 138|0x0000000088a00000, 0x0000000088b00000, 0x0000000088b00000|100%| S|CS|TAMS 0x0000000088a00000, 0x0000000088a00000| Complete 
| 139|0x0000000088b00000, 0x0000000088c00000, 0x0000000088c00000|100%| S|CS|TAMS 0x0000000088b00000, 0x0000000088b00000| Complete 
| 140|0x0000000088c00000, 0x0000000088d00000, 0x0000000088d00000|100%| S|CS|TAMS 0x0000000088c00000, 0x0000000088c00000| Complete 
| 141|0x0000000088d00000, 0x0000000088e00000, 0x0000000088e00000|100%| S|CS|TAMS 0x0000000088d00000, 0x0000000088d00000| Complete 
| 142|0x0000000088e00000, 0x0000000088e00000, 0x0000000088f00000|  0%| F|  |TAMS 0x0000000088e00000, 0x0000000088e00000| Untracked 
| 143|0x0000000088f00000, 0x0000000088f00000, 0x0000000089000000|  0%| F|  |TAMS 0x0000000088f00000, 0x0000000088f00000| Untracked 
| 144|0x0000000089000000, 0x0000000089000000, 0x0000000089100000|  0%| F|  |TAMS 0x0000000089000000, 0x0000000089000000| Untracked 
| 145|0x0000000089100000, 0x0000000089100000, 0x0000000089200000|  0%| F|  |TAMS 0x0000000089100000, 0x0000000089100000| Untracked 
| 146|0x0000000089200000, 0x0000000089200000, 0x0000000089300000|  0%| F|  |TAMS 0x0000000089200000, 0x0000000089200000| Untracked 
| 147|0x0000000089300000, 0x0000000089300000, 0x0000000089400000|  0%| F|  |TAMS 0x0000000089300000, 0x0000000089300000| Untracked 
| 148|0x0000000089400000, 0x0000000089400000, 0x0000000089500000|  0%| F|  |TAMS 0x0000000089400000, 0x0000000089400000| Untracked 
| 149|0x0000000089500000, 0x0000000089500000, 0x0000000089600000|  0%| F|  |TAMS 0x0000000089500000, 0x0000000089500000| Untracked 
| 150|0x0000000089600000, 0x0000000089600000, 0x0000000089700000|  0%| F|  |TAMS 0x0000000089600000, 0x0000000089600000| Untracked 
| 151|0x0000000089700000, 0x0000000089700000, 0x0000000089800000|  0%| F|  |TAMS 0x0000000089700000, 0x0000000089700000| Untracked 
| 152|0x0000000089800000, 0x0000000089800000, 0x0000000089900000|  0%| F|  |TAMS 0x0000000089800000, 0x0000000089800000| Untracked 
| 153|0x0000000089900000, 0x0000000089900000, 0x0000000089a00000|  0%| F|  |TAMS 0x0000000089900000, 0x0000000089900000| Untracked 
| 154|0x0000000089a00000, 0x0000000089a00000, 0x0000000089b00000|  0%| F|  |TAMS 0x0000000089a00000, 0x0000000089a00000| Untracked 
| 155|0x0000000089b00000, 0x0000000089b00000, 0x0000000089c00000|  0%| F|  |TAMS 0x0000000089b00000, 0x0000000089b00000| Untracked 
| 156|0x0000000089c00000, 0x0000000089c00000, 0x0000000089d00000|  0%| F|  |TAMS 0x0000000089c00000, 0x0000000089c00000| Untracked 
| 157|0x0000000089d00000, 0x0000000089d00000, 0x0000000089e00000|  0%| F|  |TAMS 0x0000000089d00000, 0x0000000089d00000| Untracked 
| 158|0x0000000089e00000, 0x0000000089e00000, 0x0000000089f00000|  0%| F|  |TAMS 0x0000000089e00000, 0x0000000089e00000| Untracked 
| 159|0x0000000089f00000, 0x0000000089f00000, 0x000000008a000000|  0%| F|  |TAMS 0x0000000089f00000, 0x0000000089f00000| Untracked 
| 160|0x000000008a000000, 0x000000008a000000, 0x000000008a100000|  0%| F|  |TAMS 0x000000008a000000, 0x000000008a000000| Untracked 
| 161|0x000000008a100000, 0x000000008a100000, 0x000000008a200000|  0%| F|  |TAMS 0x000000008a100000, 0x000000008a100000| Untracked 
| 162|0x000000008a200000, 0x000000008a200000, 0x000000008a300000|  0%| F|  |TAMS 0x000000008a200000, 0x000000008a200000| Untracked 
| 163|0x000000008a300000, 0x000000008a300000, 0x000000008a400000|  0%| F|  |TAMS 0x000000008a300000, 0x000000008a300000| Untracked 
| 164|0x000000008a400000, 0x000000008a400000, 0x000000008a500000|  0%| F|  |TAMS 0x000000008a400000, 0x000000008a400000| Untracked 
| 165|0x000000008a500000, 0x000000008a500000, 0x000000008a600000|  0%| F|  |TAMS 0x000000008a500000, 0x000000008a500000| Untracked 
| 166|0x000000008a600000, 0x000000008a600000, 0x000000008a700000|  0%| F|  |TAMS 0x000000008a600000, 0x000000008a600000| Untracked 
| 167|0x000000008a700000, 0x000000008a700000, 0x000000008a800000|  0%| F|  |TAMS 0x000000008a700000, 0x000000008a700000| Untracked 
| 168|0x000000008a800000, 0x000000008a800000, 0x000000008a900000|  0%| F|  |TAMS 0x000000008a800000, 0x000000008a800000| Untracked 
| 169|0x000000008a900000, 0x000000008a900000, 0x000000008aa00000|  0%| F|  |TAMS 0x000000008a900000, 0x000000008a900000| Untracked 
| 170|0x000000008aa00000, 0x000000008aa00000, 0x000000008ab00000|  0%| F|  |TAMS 0x000000008aa00000, 0x000000008aa00000| Untracked 
| 171|0x000000008ab00000, 0x000000008ab00000, 0x000000008ac00000|  0%| F|  |TAMS 0x000000008ab00000, 0x000000008ab00000| Untracked 
| 172|0x000000008ac00000, 0x000000008ac00000, 0x000000008ad00000|  0%| F|  |TAMS 0x000000008ac00000, 0x000000008ac00000| Untracked 
| 173|0x000000008ad00000, 0x000000008ad00000, 0x000000008ae00000|  0%| F|  |TAMS 0x000000008ad00000, 0x000000008ad00000| Untracked 
| 174|0x000000008ae00000, 0x000000008ae00000, 0x000000008af00000|  0%| F|  |TAMS 0x000000008ae00000, 0x000000008ae00000| Untracked 
| 175|0x000000008af00000, 0x000000008af00000, 0x000000008b000000|  0%| F|  |TAMS 0x000000008af00000, 0x000000008af00000| Untracked 
| 176|0x000000008b000000, 0x000000008b000000, 0x000000008b100000|  0%| F|  |TAMS 0x000000008b000000, 0x000000008b000000| Untracked 
| 177|0x000000008b100000, 0x000000008b100000, 0x000000008b200000|  0%| F|  |TAMS 0x000000008b100000, 0x000000008b100000| Untracked 
| 178|0x000000008b200000, 0x000000008b200000, 0x000000008b300000|  0%| F|  |TAMS 0x000000008b200000, 0x000000008b200000| Untracked 
| 179|0x000000008b300000, 0x000000008b300000, 0x000000008b400000|  0%| F|  |TAMS 0x000000008b300000, 0x000000008b300000| Untracked 
| 180|0x000000008b400000, 0x000000008b400000, 0x000000008b500000|  0%| F|  |TAMS 0x000000008b400000, 0x000000008b400000| Untracked 
| 181|0x000000008b500000, 0x000000008b500000, 0x000000008b600000|  0%| F|  |TAMS 0x000000008b500000, 0x000000008b500000| Untracked 
| 182|0x000000008b600000, 0x000000008b600000, 0x000000008b700000|  0%| F|  |TAMS 0x000000008b600000, 0x000000008b600000| Untracked 
| 183|0x000000008b700000, 0x000000008b700000, 0x000000008b800000|  0%| F|  |TAMS 0x000000008b700000, 0x000000008b700000| Untracked 
| 184|0x000000008b800000, 0x000000008b800000, 0x000000008b900000|  0%| F|  |TAMS 0x000000008b800000, 0x000000008b800000| Untracked 
| 185|0x000000008b900000, 0x000000008b900000, 0x000000008ba00000|  0%| F|  |TAMS 0x000000008b900000, 0x000000008b900000| Untracked 
| 186|0x000000008ba00000, 0x000000008ba00000, 0x000000008bb00000|  0%| F|  |TAMS 0x000000008ba00000, 0x000000008ba00000| Untracked 
| 187|0x000000008bb00000, 0x000000008bb00000, 0x000000008bc00000|  0%| F|  |TAMS 0x000000008bb00000, 0x000000008bb00000| Untracked 
| 188|0x000000008bc00000, 0x000000008bc00000, 0x000000008bd00000|  0%| F|  |TAMS 0x000000008bc00000, 0x000000008bc00000| Untracked 
| 189|0x000000008bd00000, 0x000000008bd00000, 0x000000008be00000|  0%| F|  |TAMS 0x000000008bd00000, 0x000000008bd00000| Untracked 
| 190|0x000000008be00000, 0x000000008be00000, 0x000000008bf00000|  0%| F|  |TAMS 0x000000008be00000, 0x000000008be00000| Untracked 
| 191|0x000000008bf00000, 0x000000008bf00000, 0x000000008c000000|  0%| F|  |TAMS 0x000000008bf00000, 0x000000008bf00000| Untracked 
| 192|0x000000008c000000, 0x000000008c000000, 0x000000008c100000|  0%| F|  |TAMS 0x000000008c000000, 0x000000008c000000| Untracked 
| 193|0x000000008c100000, 0x000000008c100000, 0x000000008c200000|  0%| F|  |TAMS 0x000000008c100000, 0x000000008c100000| Untracked 
| 194|0x000000008c200000, 0x000000008c200000, 0x000000008c300000|  0%| F|  |TAMS 0x000000008c200000, 0x000000008c200000| Untracked 
| 195|0x000000008c300000, 0x000000008c300000, 0x000000008c400000|  0%| F|  |TAMS 0x000000008c300000, 0x000000008c300000| Untracked 
| 196|0x000000008c400000, 0x000000008c400000, 0x000000008c500000|  0%| F|  |TAMS 0x000000008c400000, 0x000000008c400000| Untracked 
| 197|0x000000008c500000, 0x000000008c500000, 0x000000008c600000|  0%| F|  |TAMS 0x000000008c500000, 0x000000008c500000| Untracked 
| 198|0x000000008c600000, 0x000000008c600000, 0x000000008c700000|  0%| F|  |TAMS 0x000000008c600000, 0x000000008c600000| Untracked 
| 199|0x000000008c700000, 0x000000008c700000, 0x000000008c800000|  0%| F|  |TAMS 0x000000008c700000, 0x000000008c700000| Untracked 
| 200|0x000000008c800000, 0x000000008c800000, 0x000000008c900000|  0%| F|  |TAMS 0x000000008c800000, 0x000000008c800000| Untracked 
| 201|0x000000008c900000, 0x000000008c900000, 0x000000008ca00000|  0%| F|  |TAMS 0x000000008c900000, 0x000000008c900000| Untracked 
| 202|0x000000008ca00000, 0x000000008ca00000, 0x000000008cb00000|  0%| F|  |TAMS 0x000000008ca00000, 0x000000008ca00000| Untracked 
| 203|0x000000008cb00000, 0x000000008cb00000, 0x000000008cc00000|  0%| F|  |TAMS 0x000000008cb00000, 0x000000008cb00000| Untracked 
| 204|0x000000008cc00000, 0x000000008cc00000, 0x000000008cd00000|  0%| F|  |TAMS 0x000000008cc00000, 0x000000008cc00000| Untracked 

Card table byte_map: [0x00000157a6910000,0x00000157a6d10000] _byte_map_base: 0x00000157a6510000

Marking Bits (Prev, Next): (CMBitMap*) 0x000001578e2afe88, (CMBitMap*) 0x000001578e2afec0
 Prev Bits: [0x00000157a7110000, 0x00000157a9110000)
 Next Bits: [0x00000157a9110000, 0x00000157ab110000)

Polling page: 0x000001578e350000

Metaspace:

Usage:
  Non-class:     36.00 MB capacity,    35.12 MB ( 98%) used,   736.94 KB (  2%) free+waste,   164.81 KB ( <1%) overhead. 
      Class:      5.86 MB capacity,     5.25 MB ( 90%) used,   535.57 KB (  9%) free+waste,    86.81 KB (  1%) overhead. 
       Both:     41.86 MB capacity,    40.37 MB ( 96%) used,     1.24 MB (  3%) free+waste,   251.63 KB ( <1%) overhead. 

Virtual space:
  Non-class space:       44.00 MB reserved,      36.00 MB ( 82%) committed 
      Class space:        1.00 GB reserved,       5.88 MB ( <1%) committed 
             Both:        1.04 GB reserved,      41.88 MB (  4%) committed 

Chunk freelists:
   Non-Class:  384 bytes
       Class:  1.63 KB
        Both:  2.00 KB

CodeHeap 'non-profiled nmethods': size=239488Kb used=6138Kb max_used=6138Kb free=233349Kb
 bounds [0x0000015797710000, 0x0000015797d10000, 0x00000157a60f0000]
CodeHeap 'non-nmethods': size=6272Kb used=1172Kb max_used=1172Kb free=5099Kb
 bounds [0x00000157970f0000, 0x0000015797360000, 0x0000015797710000]
 total_blobs=4476 nmethods=3960 adapters=442
 compilation: enabled
              stopped_count=0, restarted_count=0
 full_count=0

Compilation events (10 events):
Event: 5.606 Thread 0x00000157ad54f000 3956       1       java.util.regex.Pattern$Ques::match (196 bytes)
Event: 5.607 Thread 0x00000157ad54f000 nmethod 3956 0x0000015797d0c590 code [0x0000015797d0c7c0, 0x0000015797d0cc38]
Event: 5.617 Thread 0x00000157ad54f000 3957       1       java.util.Collections$EmptyEnumeration::hasMoreElements (2 bytes)
Event: 5.618 Thread 0x00000157ad54f000 nmethod 3957 0x0000015797d0ce90 code [0x0000015797d0d020, 0x0000015797d0d0d8]
Event: 5.658 Thread 0x00000157ad54f000 3958   !   1       com.sun.proxy.$Proxy39::annotationType (29 bytes)
Event: 5.658 Thread 0x00000157ad54f000 nmethod 3958 0x0000015797d0d190 code [0x0000015797d0d340, 0x0000015797d0d558]
Event: 5.693 Thread 0x00000157ad54f000 3959       1       java.io.ObjectOutputStream$BlockDataOutputStream::write (152 bytes)
Event: 5.694 Thread 0x00000157ad54f000 nmethod 3959 0x0000015797d0d690 code [0x0000015797d0d880, 0x0000015797d0dbf8]
Event: 5.694 Thread 0x00000157ad54f000 3960       1       java.io.ObjectStreamClass$FieldReflector::getPrimFieldValues (317 bytes)
Event: 5.695 Thread 0x00000157ad54f000 nmethod 3960 0x0000015797d0dd90 code [0x0000015797d0dfa0, 0x0000015797d0e618]

GC Heap History (10 events):
Event: 1.838 GC heap before
{Heap before GC invocations=5 (full 0):
 garbage-first heap   total 161792K, used 20954K [0x0000000080000000, 0x0000000100000000)
  region size 1024K, 15 young (15360K), 2 survivors (2048K)
 Metaspace       used 20503K, capacity 21186K, committed 21248K, reserved 1067008K
  class space    used 2471K, capacity 2804K, committed 2816K, reserved 1048576K
}
Event: 1.845 GC heap after
{Heap after GC invocations=6 (full 0):
 garbage-first heap   total 161792K, used 9085K [0x0000000080000000, 0x0000000100000000)
  region size 1024K, 2 young (2048K), 2 survivors (2048K)
 Metaspace       used 20503K, capacity 21186K, committed 21248K, reserved 1067008K
  class space    used 2471K, capacity 2804K, committed 2816K, reserved 1048576K
}
Event: 2.414 GC heap before
{Heap before GC invocations=7 (full 0):
 garbage-first heap   total 161792K, used 46973K [0x0000000080000000, 0x0000000100000000)
  region size 1024K, 40 young (40960K), 2 survivors (2048K)
 Metaspace       used 26161K, capacity 26979K, committed 27136K, reserved 1073152K
  class space    used 3190K, capacity 3548K, committed 3584K, reserved 1048576K
}
Event: 2.425 GC heap after
{Heap after GC invocations=8 (full 0):
 garbage-first heap   total 161792K, used 10425K [0x0000000080000000, 0x0000000100000000)
  region size 1024K, 4 young (4096K), 4 survivors (4096K)
 Metaspace       used 26161K, capacity 26979K, committed 27136K, reserved 1073152K
  class space    used 3190K, capacity 3548K, committed 3584K, reserved 1048576K
}
Event: 3.135 GC heap before
{Heap before GC invocations=8 (full 0):
 garbage-first heap   total 161792K, used 66745K [0x0000000080000000, 0x0000000100000000)
  region size 1024K, 59 young (60416K), 4 survivors (4096K)
 Metaspace       used 28052K, capacity 28963K, committed 29312K, reserved 1075200K
  class space    used 3445K, capacity 3841K, committed 3968K, reserved 1048576K
}
Event: 3.151 GC heap after
{Heap after GC invocations=9 (full 0):
 garbage-first heap   total 161792K, used 12116K [0x0000000080000000, 0x0000000100000000)
  region size 1024K, 5 young (5120K), 5 survivors (5120K)
 Metaspace       used 28052K, capacity 28963K, committed 29312K, reserved 1075200K
  class space    used 3445K, capacity 3841K, committed 3968K, reserved 1048576K
}
Event: 4.327 GC heap before
{Heap before GC invocations=9 (full 0):
 garbage-first heap   total 161792K, used 82772K [0x0000000080000000, 0x0000000100000000)
  region size 1024K, 75 young (76800K), 5 survivors (5120K)
 Metaspace       used 34591K, capacity 35706K, committed 35840K, reserved 1081344K
  class space    used 4445K, capacity 4903K, committed 4992K, reserved 1048576K
}
Event: 4.360 GC heap after
{Heap after GC invocations=10 (full 0):
 garbage-first heap   total 209920K, used 15177K [0x0000000080000000, 0x0000000100000000)
  region size 1024K, 8 young (8192K), 8 survivors (8192K)
 Metaspace       used 34591K, capacity 35706K, committed 35840K, reserved 1081344K
  class space    used 4445K, capacity 4903K, committed 4992K, reserved 1048576K
}
Event: 5.756 GC heap before
{Heap before GC invocations=11 (full 0):
 garbage-first heap   total 209920K, used 78665K [0x0000000080000000, 0x0000000100000000)
  region size 1024K, 71 young (72704K), 8 survivors (8192K)
 Metaspace       used 41339K, capacity 42864K, committed 42880K, reserved 1091584K
  class space    used 5380K, capacity 6003K, committed 6016K, reserved 1048576K
}
Event: 5.792 GC heap after
{Heap after GC invocations=12 (full 0):
 garbage-first heap   total 209920K, used 18711K [0x0000000080000000, 0x0000000100000000)
  region size 1024K, 10 young (10240K), 10 survivors (10240K)
 Metaspace       used 41339K, capacity 42864K, committed 42880K, reserved 1091584K
  class space    used 5380K, capacity 6003K, committed 6016K, reserved 1048576K
}

Deoptimization events (0 events):
No events

Classes redefined (0 events):
No events

Internal exceptions (10 events):
Event: 5.189 Thread 0x00000157ae97c800 Exception <a 'java/lang/reflect/InvocationTargetException'{0x000000008bb86358}> (0x000000008bb86358) thrown at [./open/src/hotspot/share/runtime/reflection.cpp, line 1242]
Event: 5.263 Thread 0x00000157ae9f0800 Exception <a 'java/lang/NoSuchMethodError'{0x000000008a1b2208}: java.lang.invoke.DirectMethodHandle$Holder.invokeStatic(Ljava/lang/Object;Ljava/lang/Object;)D> (0x000000008a1b2208) thrown at [./open/src/hotspot/share/interpreter/linkResolver.cpp, line 772
Event: 5.265 Thread 0x00000157ae9f0800 Exception <a 'java/lang/NoSuchMethodError'{0x000000008a1bac20}: java.lang.invoke.DirectMethodHandle$Holder.invokeStatic(Ljava/lang/Object;Ljava/lang/Object;D)V> (0x000000008a1bac20) thrown at [./open/src/hotspot/share/interpreter/linkResolver.cpp, line 77
Event: 5.266 Thread 0x00000157ae9f0800 Exception <a 'java/lang/NoSuchMethodError'{0x000000008a1c5a80}: java.lang.invoke.DirectMethodHandle$Holder.invokeVirtual(Ljava/lang/Object;Ljava/lang/Object;)J> (0x000000008a1c5a80) thrown at [./open/src/hotspot/share/interpreter/linkResolver.cpp, line 77
Event: 5.279 Thread 0x00000157ae9f0800 Exception <a 'java/lang/NoSuchMethodError'{0x000000008a04a628}: java.lang.invoke.DirectMethodHandle$Holder.invokeStatic(Ljava/lang/Object;Ljava/lang/Object;Ljava/lang/Object;)D> (0x000000008a04a628) thrown at [./open/src/hotspot/share/interpreter/linkReso
Event: 5.300 Thread 0x00000157ae9f0800 Exception <a 'java/lang/NullPointerException'{0x0000000089f37ba8}> (0x0000000089f37ba8) thrown at [./open/src/hotspot/share/interpreter/linkResolver.cpp, line 1354]
Event: 5.300 Thread 0x00000157ae9f0800 Exception <a 'java/lang/IncompatibleClassChangeError'{0x0000000089f387c0}: Found class java.lang.Object, but interface was expected> (0x0000000089f387c0) thrown at [./open/src/hotspot/share/interpreter/linkResolver.cpp, line 838]
Event: 5.301 Thread 0x00000157ae9f0800 Exception <a 'java/lang/NullPointerException'{0x0000000089f3b858}> (0x0000000089f3b858) thrown at [./open/src/hotspot/share/interpreter/linkResolver.cpp, line 1354]
Event: 5.450 Thread 0x00000157ae9f0800 Exception <a 'java/io/FileNotFoundException'{0x0000000089a90ea8}> (0x0000000089a90ea8) thrown at [./open/src/hotspot/share/prims/jni.cpp, line 611]
Event: 5.693 Thread 0x00000157ae97c800 Exception <a 'java/lang/reflect/InvocationTargetException'{0x000000008bb8a390}> (0x000000008bb8a390) thrown at [./open/src/hotspot/share/runtime/reflection.cpp, line 1242]

Events (10 events):
Event: 5.753 loading class org/hibernate/cache/internal/CollectionCacheInvalidator done
Event: 5.754 loading class org/hibernate/event/spi/PostInsertEventListener
Event: 5.754 loading class org/hibernate/event/spi/PostInsertEventListener done
Event: 5.754 loading class org/hibernate/event/spi/PostActionEventListener
Event: 5.754 loading class org/hibernate/event/spi/PostActionEventListener done
Event: 5.755 loading class org/hibernate/event/spi/PostDeleteEventListener
Event: 5.755 loading class org/hibernate/event/spi/PostDeleteEventListener done
Event: 5.755 loading class org/hibernate/event/spi/PostUpdateEventListener
Event: 5.755 loading class org/hibernate/event/spi/PostUpdateEventListener done
Event: 5.755 Executing VM operation: CollectForMetadataAllocation


Dynamic libraries:
0x00007ff7ce5c0000 - 0x00007ff7ce5cf000 	C:\Program Files\Java\jdk-11.0.15\bin\javaw.exe
0x00007ff93dd70000 - 0x00007ff93df65000 	C:\Windows\SYSTEM32\ntdll.dll
0x00007ff93be70000 - 0x00007ff93bf2d000 	C:\Windows\System32\KERNEL32.DLL
0x00007ff93b5c0000 - 0x00007ff93b88d000 	C:\Windows\System32\KERNELBASE.dll
0x00007ff93b890000 - 0x00007ff93b990000 	C:\Windows\System32\ucrtbase.dll
0x00007ff924270000 - 0x00007ff924288000 	C:\Program Files\Java\jdk-11.0.15\bin\jli.dll
0x00007ff93d840000 - 0x00007ff93d8ee000 	C:\Windows\System32\ADVAPI32.dll
0x00007ff93d5d0000 - 0x00007ff93d66e000 	C:\Windows\System32\msvcrt.dll
0x00007ff93d8f0000 - 0x00007ff93d98c000 	C:\Windows\System32\sechost.dll
0x00007ff93bf30000 - 0x00007ff93c055000 	C:\Windows\System32\RPCRT4.dll
0x00007ff93cf90000 - 0x00007ff93d130000 	C:\Windows\System32\USER32.dll
0x00007ff93b480000 - 0x00007ff93b4a2000 	C:\Windows\System32\win32u.dll
0x00007ff93dc30000 - 0x00007ff93dc5a000 	C:\Windows\System32\GDI32.dll
0x00007ff93b4b0000 - 0x00007ff93b5bb000 	C:\Windows\System32\gdi32full.dll
0x00007ff93bb70000 - 0x00007ff93bc0d000 	C:\Windows\System32\msvcp_win.dll
0x00007ff924250000 - 0x00007ff924265000 	C:\Program Files\Java\jdk-11.0.15\bin\VCRUNTIME140.dll
0x00007ff91c6d0000 - 0x00007ff91c96a000 	C:\Windows\WinSxS\amd64_microsoft.windows.common-controls_6595b64144ccf1df_6.0.19041.1110_none_60b5254171f9507e\COMCTL32.dll
0x00007ff9332b0000 - 0x00007ff9332ba000 	C:\Windows\SYSTEM32\VERSION.dll
0x00007ff93be40000 - 0x00007ff93be70000 	C:\Windows\System32\IMM32.DLL
0x00007ff913cd0000 - 0x00007ff913d6b000 	C:\Program Files\Java\jdk-11.0.15\bin\msvcp140.dll
0x00007ff90b5f0000 - 0x00007ff90c106000 	C:\Program Files\Java\jdk-11.0.15\bin\server\jvm.dll
0x00007ff93db90000 - 0x00007ff93db98000 	C:\Windows\System32\PSAPI.DLL
0x00007ff936ea0000 - 0x00007ff936ea9000 	C:\Windows\SYSTEM32\WSOCK32.dll
0x00007ff93d720000 - 0x00007ff93d78b000 	C:\Windows\System32\WS2_32.dll
0x00007ff917cd0000 - 0x00007ff917cf7000 	C:\Windows\SYSTEM32\WINMM.dll
0x00007ff939360000 - 0x00007ff939372000 	C:\Windows\SYSTEM32\kernel.appcore.dll
0x00007ff9284e0000 - 0x00007ff9284f0000 	C:\Program Files\Java\jdk-11.0.15\bin\verify.dll
0x00007ff929e20000 - 0x00007ff92a004000 	C:\Windows\SYSTEM32\DBGHELP.DLL
0x00007ff929df0000 - 0x00007ff929e1c000 	C:\Windows\SYSTEM32\dbgcore.DLL
0x00007ff93ba00000 - 0x00007ff93ba82000 	C:\Windows\System32\bcryptPrimitives.dll
0x00007ff923be0000 - 0x00007ff923c08000 	C:\Program Files\Java\jdk-11.0.15\bin\java.dll
0x00007ff926880000 - 0x00007ff92688a000 	C:\Program Files\Java\jdk-11.0.15\bin\jimage.dll
0x00007ff91fb80000 - 0x00007ff91fb96000 	C:\Program Files\Java\jdk-11.0.15\bin\zip.dll
0x00007ff93c500000 - 0x00007ff93cc44000 	C:\Windows\System32\SHELL32.dll
0x00007ff939560000 - 0x00007ff939cf4000 	C:\Windows\SYSTEM32\windows.storage.dll
0x00007ff93d270000 - 0x00007ff93d5c4000 	C:\Windows\System32\combase.dll
0x00007ff93ad30000 - 0x00007ff93ad5c000 	C:\Windows\SYSTEM32\Wldp.dll
0x00007ff93d790000 - 0x00007ff93d83d000 	C:\Windows\System32\SHCORE.dll
0x00007ff93db30000 - 0x00007ff93db85000 	C:\Windows\System32\shlwapi.dll
0x00007ff93b3c0000 - 0x00007ff93b3df000 	C:\Windows\SYSTEM32\profapi.dll
0x00007ff91fb60000 - 0x00007ff91fb79000 	C:\Program Files\Java\jdk-11.0.15\bin\net.dll
0x00007ff932cf0000 - 0x00007ff932dfa000 	C:\Windows\SYSTEM32\WINHTTP.dll
0x00007ff93ab10000 - 0x00007ff93ab7a000 	C:\Windows\system32\mswsock.dll
0x00007ff91fb40000 - 0x00007ff91fb52000 	C:\Program Files\Java\jdk-11.0.15\bin\nio.dll
0x00007ff9266e0000 - 0x00007ff9266e9000 	C:\Program Files\Java\jdk-11.0.15\bin\management.dll
0x00007ff924970000 - 0x00007ff92497b000 	C:\Program Files\Java\jdk-11.0.15\bin\management_ext.dll
0x00007ff921710000 - 0x00007ff921727000 	C:\Windows\system32\napinsp.dll
0x00007ff9216f0000 - 0x00007ff92170b000 	C:\Windows\system32\pnrpnsp.dll
0x00007ff9216d0000 - 0x00007ff9216e5000 	C:\Windows\system32\wshbth.dll
0x00007ff936e40000 - 0x00007ff936e5d000 	C:\Windows\system32\NLAapi.dll
0x00007ff93a820000 - 0x00007ff93a85b000 	C:\Windows\SYSTEM32\IPHLPAPI.DLL
0x00007ff93a870000 - 0x00007ff93a93b000 	C:\Windows\SYSTEM32\DNSAPI.dll
0x00007ff93d990000 - 0x00007ff93d998000 	C:\Windows\System32\NSI.dll
0x00007ff9216b0000 - 0x00007ff9216c2000 	C:\Windows\System32\winrnr.dll
0x00007ff932790000 - 0x00007ff93279a000 	C:\Windows\System32\rasadhlp.dll
0x00007ff932b90000 - 0x00007ff932c10000 	C:\Windows\System32\fwpuclnt.dll
0x00007ff93bb40000 - 0x00007ff93bb67000 	C:\Windows\System32\bcrypt.dll
0x00007ff93ad70000 - 0x00007ff93ad88000 	C:\Windows\SYSTEM32\CRYPTSP.dll
0x00007ff93a4b0000 - 0x00007ff93a4e4000 	C:\Windows\system32\rsaenh.dll
0x00007ff93b340000 - 0x00007ff93b36e000 	C:\Windows\SYSTEM32\USERENV.dll
0x00007ff93aca0000 - 0x00007ff93acac000 	C:\Windows\SYSTEM32\CRYPTBASE.dll
0x00007ff933e00000 - 0x00007ff933e17000 	C:\Windows\SYSTEM32\dhcpcsvc6.DLL
0x00007ff933ab0000 - 0x00007ff933acd000 	C:\Windows\SYSTEM32\dhcpcsvc.DLL
0x00007ff91f8e0000 - 0x00007ff91f905000 	C:\Program Files\Java\jdk-11.0.15\bin\sunec.dll
0x00007ff924950000 - 0x00007ff92495d000 	C:\Program Files\Java\jdk-11.0.15\bin\sunmscapi.dll
0x00007ff93bc60000 - 0x00007ff93bdb6000 	C:\Windows\System32\CRYPT32.dll
0x00007ff93ae80000 - 0x00007ff93aea7000 	C:\Windows\SYSTEM32\ncrypt.dll
0x00007ff93ae40000 - 0x00007ff93ae7b000 	C:\Windows\SYSTEM32\NTASN1.dll

dbghelp: loaded successfully - version: 4.0.5 - missing functions: none
symbol engine: initialized successfully - sym options: 0x614 - pdb path: .;C:\Program Files\Java\jdk-11.0.15\bin;C:\Windows\SYSTEM32;C:\Windows\WinSxS\amd64_microsoft.windows.common-controls_6595b64144ccf1df_6.0.19041.1110_none_60b5254171f9507e;C:\Program Files\Java\jdk-11.0.15\bin\server

VM Arguments:
jvm_args: -Dcom.sun.management.jmxremote -Dcom.sun.management.jmxremote.port=51650 -Dcom.sun.management.jmxremote.authenticate=false -Dcom.sun.management.jmxremote.ssl=false -Djava.rmi.server.hostname=localhost -Dspring.jmx.enabled=true -Dspring.application.admin.enabled=true -XX:TieredStopAtLevel=1 -Dspring.boot.project.name=amazon -Dfile.encoding=UTF-8 
java_command: amazonapp.AmazonApplication --spring.output.ansi.enabled=always
java_class_path (initial): C:\Users\sfjbs\Documents\workspace-spring-tool-suite-4-4.14.1.RELEASE\amazon\target\classes;C:\Users\sfjbs\.m2\repository\org\springframework\boot\spring-boot-starter-actuator\2.7.0\spring-boot-starter-actuator-2.7.0.jar;C:\Users\sfjbs\.m2\repository\org\springframework\boot\spring-boot-starter\2.7.0\spring-boot-starter-2.7.0.jar;C:\Users\sfjbs\.m2\repository\org\springframework\boot\spring-boot-starter-logging\2.7.0\spring-boot-starter-logging-2.7.0.jar;C:\Users\sfjbs\.m2\repository\ch\qos\logback\logback-classic\1.2.11\logback-classic-1.2.11.jar;C:\Users\sfjbs\.m2\repository\ch\qos\logback\logback-core\1.2.11\logback-core-1.2.11.jar;C:\Users\sfjbs\.m2\repository\org\apache\logging\log4j\log4j-to-slf4j\2.17.2\log4j-to-slf4j-2.17.2.jar;C:\Users\sfjbs\.m2\repository\org\apache\logging\log4j\log4j-api\2.17.2\log4j-api-2.17.2.jar;C:\Users\sfjbs\.m2\repository\org\slf4j\jul-to-slf4j\1.7.36\jul-to-slf4j-1.7.36.jar;C:\Users\sfjbs\.m2\repository\jakarta\annotation\jakarta.annotation-api\1.3.5\jakarta.annotation-api-1.3.5.jar;C:\Users\sfjbs\.m2\repository\org\yaml\snakeyaml\1.30\snakeyaml-1.30.jar;C:\Users\sfjbs\.m2\repository\org\springframework\boot\spring-boot-actuator-autoconfigure\2.7.0\spring-boot-actuator-autoconfigure-2.7.0.jar;C:\Users\sfjbs\.m2\repository\org\springframework\boot\spring-boot-actuator\2.7.0\spring-boot-actuator-2.7.0.jar;C:\Users\sfjbs\.m2\repository\com\fasterxml\jackson\core\jackson-databind\2.13.3\jackson-databind-2.13.3.jar;C:\Users\sfjbs\.m2\repository\com\fasterxml\jackson\core\jackson-annotations\2.13.3\jackson-annotations-2.13.3.jar;C:\Users\sfjbs\.m2\repository\com\fasterxml\jackson\core\jackson-core\2.13.3\jackson-core-2.13.3.jar;C:\Users\sfjbs\.m2\repository\com\fasterxml\jackson\datatype\jackson-datatype-jsr310\2.13.3\jackson-datatype-jsr310-2.13.3.jar;C:\Users\sfjbs\.m2\repository\io\micrometer\micrometer-core\1.9.0\micrometer-core-1.9.0.jar;C:\Users\sfjbs\.m2\repository\org\hdrhistogram\HdrHistogram\2.1.12
Launcher Type: SUN_STANDARD

[Global flags]
     intx CICompilerCount                          = 2                                         {product} {ergonomic}
     uint ConcGCThreads                            = 1                                         {product} {ergonomic}
     uint G1ConcRefinementThreads                  = 2                                         {product} {ergonomic}
   size_t G1HeapRegionSize                         = 1048576                                   {product} {ergonomic}
    uintx GCDrainStackTargetSize                   = 64                                        {product} {ergonomic}
   size_t InitialHeapSize                          = 134217728                                 {product} {ergonomic}
     bool ManagementServer                         = true                                      {product} {command line}
   size_t MarkStackSize                            = 4194304                                   {product} {ergonomic}
   size_t MaxHeapSize                              = 2147483648                                {product} {ergonomic}
   size_t MaxNewSize                               = 1287651328                                {product} {ergonomic}
   size_t MinHeapDeltaBytes                        = 1048576                                   {product} {ergonomic}
    uintx NonNMethodCodeHeapSize                   = 6396312                                {pd product} {ergonomic}
    uintx NonProfiledCodeHeapSize                  = 245261928                              {pd product} {ergonomic}
    uintx ProfiledCodeHeapSize                     = 0                                      {pd product} {ergonomic}
    uintx ReservedCodeCacheSize                    = 251658240                              {pd product} {ergonomic}
     bool SegmentedCodeCache                       = true                                      {product} {ergonomic}
     intx TieredStopAtLevel                        = 1                                         {product} {command line}
     bool UseCompressedClassPointers               = true                                 {lp64_product} {ergonomic}
     bool UseCompressedOops                        = true                                 {lp64_product} {ergonomic}
     bool UseG1GC                                  = true                                      {product} {ergonomic}
     bool UseLargePagesIndividualAllocation        = false                                  {pd product} {ergonomic}

Logging:
Log output configuration:
 #0: stdout all=warning uptime,level,tags
 #1: stderr all=off uptime,level,tags

Environment Variables:
PATH=C:/Users/sfjbs/Downloads/sts-4.14.1.RELEASE//plugins/org.eclipse.justj.openjdk.hotspot.jre.full.win32.x86_64_17.0.2.v20220201-1208/jre/bin/server;C:/Users/sfjbs/Downloads/sts-4.14.1.RELEASE//plugins/org.eclipse.justj.openjdk.hotspot.jre.full.win32.x86_64_17.0.2.v20220201-1208/jre/bin;C:\Program Files\Common Files\Oracle\Java\javapath;C:\Windows\system32;C:\Windows;C:\Windows\System32\Wbem;C:\Windows\System32\WindowsPowerShell\v1.0\;C:\Windows\System32\OpenSSH\;C:\Users\sfjbs\Downloads\javamicro-20220514T085749Z-001\javamicro\apache-maven-3.8.5-bin\apache-maven-3.8.5\bin;C:\Users\sfjbs\Downloads\javamicro-20220514T085749Z-001\javamicro\apache-maven-3.8.5-bin\apache-maven-3.8.5\lib;C:\Program Files\Git\cmd;C:\Program Files\Docker\Docker\resources\bin;C:\ProgramData\DockerDesktop\version-bin;C:\Users\sfjbs\AppData\Local\Microsoft\WindowsApps;C:\Users\sfjbs\Downloads\javamicro-20220514T085749Z-001\javamicro\apache-maven-3.8.5-bin\apache-maven-3.8.5\bin;C:\Users\sfjbs\Downloads\javamicro-20220514T085749Z-001\javamicro\apache-maven-3.8.5-bin\apache-maven-3.8.5\lib;;C:\Program Files\JetBrains\IntelliJ IDEA Community Edition 2021.3.3\bin;;C:\Users\sfjbs\Downloads\sts-4.14.1.RELEASE;
USERNAME=sfjbs
OS=Windows_NT
PROCESSOR_IDENTIFIER=Intel64 Family 6 Model 85 Stepping 4, GenuineIntel



---------------  S Y S T E M  ---------------

OS: Windows 10 , 64 bit Build 19041 (10.0.19041.1706)
Hyper-V role detected

CPU:total 2 (initial active 2) (1 cores per cpu, 2 threads per core) family 6 model 85 stepping 4 microcode 0xffffffff, cmov, cx8, fxsr, mmx, sse, sse2, sse3, ssse3, sse4.1, sse4.2, popcnt, avx, avx2, aes, clmul, erms, rtm, 3dnowpref, lzcnt, ht, tsc, bmi1, bmi2, adx, fma

Memory: 4k page, system-wide physical 8190M (844M free)
TotalPageFile size 10238M (AvailPageFile size 4M)
current process WorkingSet (physical memory assigned to process): 236M, peak: 236M
current process commit charge ("private bytes"): 336M, peak: 337M

vm_info: Java HotSpot(TM) 64-Bit Server VM (11.0.15+8-LTS-149) for windows-amd64 JRE (11.0.15+8-LTS-149), built on Mar  9 2022 22:42:32 by "mach5one" with MS VC++ 15.9 (VS2017)

END.
