#
# There is insufficient memory for the Java Runtime Environment to continue.
# Native memory allocation (mmap) failed to map 53477376 bytes for Failed to commit area from 0x0000000089c00000 to 0x000000008cf00000 of length 53477376.
# Possible reasons:
#   The system is out of physical RAM or swap space
#   The process is running with CompressedOops enabled, and the Java Heap may be blocking the growth of the native heap
# Possible solutions:
#   Reduce memory load on the system
#   Increase physical memory or swap space
#   Check if swap backing store is full
#   Decrease Java heap size (-Xmx/-Xms)
#   Decrease number of Java threads
#   Decrease Java thread stack sizes (-Xss)
#   Set larger code cache with -XX:ReservedCodeCacheSize=
#   JVM is running with Unscaled Compressed Oops mode in which the Java heap is
#     placed in the first 4GB address space. The Java Heap base address is the
#     maximum limit for the native heap growth. Please use -XX:HeapBaseMinAddress
#     to set the Java Heap base and to place the Java Heap above 4GB virtual address.
# This output file may be truncated or incomplete.
#
#  Out of Memory Error (./open/src/hotspot/os/windows/os_windows.cpp:3287), pid=5112, tid=9952
#
# JRE version: Java(TM) SE Runtime Environment 18.9 (11.0.15+8) (build 11.0.15+8-LTS-149)
# Java VM: Java HotSpot(TM) 64-Bit Server VM 18.9 (11.0.15+8-LTS-149, mixed mode, tiered, compressed oops, g1 gc, windows-amd64)
# No core dump will be written. Minidumps are not enabled by default on client versions of Windows
#

---------------  S U M M A R Y ------------

Command Line: -Dcom.sun.management.jmxremote -Dcom.sun.management.jmxremote.port=51670 -Dcom.sun.management.jmxremote.authenticate=false -Dcom.sun.management.jmxremote.ssl=false -Djava.rmi.server.hostname=localhost -Dspring.jmx.enabled=true -Dspring.application.admin.enabled=true -XX:TieredStopAtLevel=1 -Dspring.boot.project.name=amazon -Dfile.encoding=UTF-8 amazonapp.AmazonApplication --spring.output.ansi.enabled=always

Host: Intel(R) Xeon(R) Platinum 8171M CPU @ 2.60GHz, 2 cores, 7G,  Windows 10 , 64 bit Build 19041 (10.0.19041.1706)
Time: Sun May 29 06:30:34 2022 Coordinated Universal Time elapsed time: 4.660789 seconds (0d 0h 0m 4s)

---------------  T H R E A D  ---------------

Current thread (0x0000017eae9c0000):  VMThread "VM Thread" [stack: 0x00000053bfc00000,0x00000053bfd00000] [id=9952]

Stack: [0x00000053bfc00000,0x00000053bfd00000]
[error occurred during error reporting (printing stack bounds), id 0xc0000005, EXCEPTION_ACCESS_VIOLATION (0xc0000005) at pc=0x0000017e98c10f2d]

Native frames: (J=compiled Java code, j=interpreted, Vv=VM code, C=native code)
V  [jvm.dll+0x629d8a]
V  [jvm.dll+0x7638ff]
V  [jvm.dll+0x764fa9]
V  [jvm.dll+0x765595]
V  [jvm.dll+0x76554b]
V  [jvm.dll+0x629273]
V  [jvm.dll+0x629988]
C  [ntdll.dll+0xa209f]
C  [ntdll.dll+0x51454]
C  [ntdll.dll+0xa0bce]
C  0x0000017e98c10f2d

VM_Operation (0x00000053c0ffabe0): CollectForMetadataAllocation, mode: safepoint, requested by thread 0x0000017eafd59000


---------------  P R O C E S S  ---------------

Threads class SMR info:
_java_thread_list=0x0000017eb10c81d0, length=20, elements={
0x0000017e91561800, 0x0000017eae9ab000, 0x0000017eae9b5800, 0x0000017eae9d5000,
0x0000017eae9d6000, 0x0000017eae9da800, 0x0000017eae9e2800, 0x0000017eae9fd000,
0x0000017e9163a000, 0x0000017eaf92d000, 0x0000017eaf93c000, 0x0000017eaf94d800,
0x0000017eafcd8000, 0x0000017eafcdb000, 0x0000017eafd0b000, 0x0000017eafd21800,
0x0000017eafd58000, 0x0000017eafd59000, 0x0000017eb1134000, 0x0000017eb1131800
}

Java Threads: ( => current thread )
  0x0000017e91561800 JavaThread "main" [_thread_blocked, id=11388, stack(0x00000053bf600000,0x00000053bf700000)]
  0x0000017eae9ab000 JavaThread "Reference Handler" daemon [_thread_blocked, id=7956, stack(0x00000053bfd00000,0x00000053bfe00000)]
  0x0000017eae9b5800 JavaThread "Finalizer" daemon [_thread_blocked, id=4840, stack(0x00000053bfe00000,0x00000053bff00000)]
  0x0000017eae9d5000 JavaThread "Signal Dispatcher" daemon [_thread_blocked, id=10724, stack(0x00000053bff00000,0x00000053c0000000)]
  0x0000017eae9d6000 JavaThread "Attach Listener" daemon [_thread_blocked, id=8492, stack(0x00000053c0000000,0x00000053c0100000)]
  0x0000017eae9da800 JavaThread "Service Thread" daemon [_thread_blocked, id=5720, stack(0x00000053c0100000,0x00000053c0200000)]
  0x0000017eae9e2800 JavaThread "C1 CompilerThread0" daemon [_thread_blocked, id=1172, stack(0x00000053c0200000,0x00000053c0300000)]
  0x0000017eae9fd000 JavaThread "Sweeper thread" daemon [_thread_blocked, id=4324, stack(0x00000053c0300000,0x00000053c0400000)]
  0x0000017e9163a000 JavaThread "Common-Cleaner" daemon [_thread_blocked, id=11928, stack(0x00000053c0400000,0x00000053c0500000)]
  0x0000017eaf92d000 JavaThread "RMI TCP Accept-0" daemon [_thread_in_native, id=12152, stack(0x00000053c0600000,0x00000053c0700000)]
  0x0000017eaf93c000 JavaThread "RMI TCP Accept-51670" daemon [_thread_in_native, id=8744, stack(0x00000053c0700000,0x00000053c0800000)]
  0x0000017eaf94d800 JavaThread "RMI TCP Accept-0" daemon [_thread_in_native, id=14072, stack(0x00000053c0800000,0x00000053c0900000)]
  0x0000017eafcd8000 JavaThread "RMI TCP Connection(1)-127.0.0.1" daemon [_thread_in_native, id=1928, stack(0x00000053c0a00000,0x00000053c0b00000)]
  0x0000017eafcdb000 JavaThread "RMI TCP Connection(2)-127.0.0.1" daemon [_thread_in_native, id=4268, stack(0x00000053c0b00000,0x00000053c0c00000)]
  0x0000017eafd0b000 JavaThread "RMI Scheduler(0)" daemon [_thread_blocked, id=10464, stack(0x00000053c0c00000,0x00000053c0d00000)]
  0x0000017eafd21800 JavaThread "JMX server connection timeout 18" daemon [_thread_blocked, id=14088, stack(0x00000053c0d00000,0x00000053c0e00000)]
  0x0000017eafd58000 JavaThread "Thread-0" [_thread_blocked, id=13536, stack(0x00000053c0e00000,0x00000053c0f00000)]
  0x0000017eafd59000 JavaThread "restartedMain" [_thread_blocked, id=3864, stack(0x00000053c0f00000,0x00000053c1000000)]
  0x0000017eb1134000 JavaThread "RMI TCP Connection(3)-127.0.0.1" daemon [_thread_in_native, id=4484, stack(0x00000053c1000000,0x00000053c1100000)]
  0x0000017eb1131800 JavaThread "JMX server connection timeout 26" daemon [_thread_blocked, id=13508, stack(0x00000053c1100000,0x00000053c1200000)]

Other Threads:
=>0x0000017eae9c0000 VMThread "VM Thread" [stack: 0x00000053bfc00000,0x00000053bfd00000] [id=9952]
  0x0000017eaf957800 WatcherThread [stack: 0x00000053c0900000,0x00000053c0a00000] [id=4756]
  0x0000017e91576800 GCTaskThread "GC Thread#0" [stack: 0x00000053bf700000,0x00000053bf800000] [id=10152]
  0x0000017eaf76e000 GCTaskThread "GC Thread#1" [stack: 0x00000053c0500000,0x00000053c0600000] [id=556]
  0x0000017e915a8800 ConcurrentGCThread "G1 Main Marker" [stack: 0x00000053bf800000,0x00000053bf900000] [id=9168]
  0x0000017e915ac800 ConcurrentGCThread "G1 Conc#0" [stack: 0x00000053bf900000,0x00000053bfa00000] [id=13908]
  0x0000017e91634000 ConcurrentGCThread "G1 Refine#0" [stack: 0x00000053bfa00000,0x00000053bfb00000] [id=9188]
  0x0000017e91635800 ConcurrentGCThread "G1 Young RemSet Sampling" [stack: 0x00000053bfb00000,0x00000053bfc00000] [id=13136]

Threads with active compile tasks:

VM state:at safepoint (normal execution)

VM Mutex/Monitor currently owned by a thread:  ([mutex/lock_event])
[0x0000017e91560c90] Threads_lock - owner thread: 0x0000017eae9c0000
[0x0000017e91560660] Heap_lock - owner thread: 0x0000017eafd59000

Heap address: 0x0000000080000000, size: 2048 MB, Compressed Oops mode: 32-bit
Narrow klass base: 0x0000000000000000, Narrow klass shift: 3
Compressed class space size: 1073741824 Address: 0x0000000100000000

Heap:
 garbage-first heap   total 211968K, used 15306K [0x0000000080000000, 0x0000000100000000)
  region size 1024K, 8 young (8192K), 8 survivors (8192K)
 Metaspace       used 34374K, capacity 35614K, committed 35840K, reserved 1081344K
  class space    used 4399K, capacity 4845K, committed 4864K, reserved 1048576K
Heap Regions: E=young(eden), S=young(survivor), O=old, HS=humongous(starts), HC=humongous(continues), CS=collection set, F=free, A=archive, TAMS=top-at-mark-start (previous, next)
|   0|0x0000000080000000, 0x0000000080100000, 0x0000000080100000|100%|HS|  |TAMS 0x0000000080100000, 0x0000000080100000| Complete 
|   1|0x0000000080100000, 0x0000000080200000, 0x0000000080200000|100%| O|  |TAMS 0x0000000080200000, 0x0000000080200000| Untracked 
|   2|0x0000000080200000, 0x0000000080300000, 0x0000000080300000|100%| O|  |TAMS 0x0000000080300000, 0x0000000080300000| Untracked 
|   3|0x0000000080300000, 0x0000000080400000, 0x0000000080400000|100%| O|  |TAMS 0x0000000080400000, 0x0000000080400000| Untracked 
|   4|0x0000000080400000, 0x0000000080500000, 0x0000000080500000|100%| O|  |TAMS 0x0000000080500000, 0x0000000080500000| Untracked 
|   5|0x0000000080500000, 0x0000000080600000, 0x0000000080600000|100%| O|  |TAMS 0x0000000080600000, 0x0000000080600000| Untracked 
|   6|0x0000000080600000, 0x0000000080700000, 0x0000000080700000|100%| O|  |TAMS 0x0000000080700000, 0x0000000080700000| Untracked 
|   7|0x0000000080700000, 0x0000000080717c00, 0x0000000080800000|  9%| O|  |TAMS 0x0000000080717c00, 0x0000000080717c00| Untracked 
|   8|0x0000000080800000, 0x0000000080800000, 0x0000000080900000|  0%| F|  |TAMS 0x0000000080800000, 0x0000000080800000| Untracked 
|   9|0x0000000080900000, 0x0000000080900000, 0x0000000080a00000|  0%| F|  |TAMS 0x0000000080900000, 0x0000000080900000| Untracked 
|  10|0x0000000080a00000, 0x0000000080a00000, 0x0000000080b00000|  0%| F|  |TAMS 0x0000000080a00000, 0x0000000080a00000| Untracked 
|  11|0x0000000080b00000, 0x0000000080b00000, 0x0000000080c00000|  0%| F|  |TAMS 0x0000000080b00000, 0x0000000080b00000| Untracked 
|  12|0x0000000080c00000, 0x0000000080c00000, 0x0000000080d00000|  0%| F|  |TAMS 0x0000000080c00000, 0x0000000080c00000| Untracked 
|  13|0x0000000080d00000, 0x0000000080d00000, 0x0000000080e00000|  0%| F|  |TAMS 0x0000000080d00000, 0x0000000080d00000| Untracked 
|  14|0x0000000080e00000, 0x0000000080e00000, 0x0000000080f00000|  0%| F|  |TAMS 0x0000000080e00000, 0x0000000080e00000| Untracked 
|  15|0x0000000080f00000, 0x0000000080f00000, 0x0000000081000000|  0%| F|  |TAMS 0x0000000080f00000, 0x0000000080f00000| Untracked 
|  16|0x0000000081000000, 0x0000000081000000, 0x0000000081100000|  0%| F|  |TAMS 0x0000000081000000, 0x0000000081000000| Untracked 
|  17|0x0000000081100000, 0x0000000081100000, 0x0000000081200000|  0%| F|  |TAMS 0x0000000081100000, 0x0000000081100000| Untracked 
|  18|0x0000000081200000, 0x0000000081200000, 0x0000000081300000|  0%| F|  |TAMS 0x0000000081200000, 0x0000000081200000| Untracked 
|  19|0x0000000081300000, 0x0000000081300000, 0x0000000081400000|  0%| F|  |TAMS 0x0000000081300000, 0x0000000081300000| Untracked 
|  20|0x0000000081400000, 0x0000000081400000, 0x0000000081500000|  0%| F|  |TAMS 0x0000000081400000, 0x0000000081400000| Untracked 
|  21|0x0000000081500000, 0x0000000081500000, 0x0000000081600000|  0%| F|  |TAMS 0x0000000081500000, 0x0000000081500000| Untracked 
|  22|0x0000000081600000, 0x0000000081600000, 0x0000000081700000|  0%| F|  |TAMS 0x0000000081600000, 0x0000000081600000| Untracked 
|  23|0x0000000081700000, 0x0000000081700000, 0x0000000081800000|  0%| F|  |TAMS 0x0000000081700000, 0x0000000081700000| Untracked 
|  24|0x0000000081800000, 0x0000000081800000, 0x0000000081900000|  0%| F|  |TAMS 0x0000000081800000, 0x0000000081800000| Untracked 
|  25|0x0000000081900000, 0x0000000081900000, 0x0000000081a00000|  0%| F|  |TAMS 0x0000000081900000, 0x0000000081900000| Untracked 
|  26|0x0000000081a00000, 0x0000000081a00000, 0x0000000081b00000|  0%| F|  |TAMS 0x0000000081a00000, 0x0000000081a00000| Untracked 
|  27|0x0000000081b00000, 0x0000000081b00000, 0x0000000081c00000|  0%| F|  |TAMS 0x0000000081b00000, 0x0000000081b00000| Untracked 
|  28|0x0000000081c00000, 0x0000000081c00000, 0x0000000081d00000|  0%| F|  |TAMS 0x0000000081c00000, 0x0000000081c00000| Untracked 
|  29|0x0000000081d00000, 0x0000000081d00000, 0x0000000081e00000|  0%| F|  |TAMS 0x0000000081d00000, 0x0000000081d00000| Untracked 
|  30|0x0000000081e00000, 0x0000000081e00000, 0x0000000081f00000|  0%| F|  |TAMS 0x0000000081e00000, 0x0000000081e00000| Untracked 
|  31|0x0000000081f00000, 0x0000000081f00000, 0x0000000082000000|  0%| F|  |TAMS 0x0000000081f00000, 0x0000000081f00000| Untracked 
|  32|0x0000000082000000, 0x0000000082000000, 0x0000000082100000|  0%| F|  |TAMS 0x0000000082000000, 0x0000000082000000| Untracked 
|  33|0x0000000082100000, 0x0000000082100000, 0x0000000082200000|  0%| F|  |TAMS 0x0000000082100000, 0x0000000082100000| Untracked 
|  34|0x0000000082200000, 0x0000000082200000, 0x0000000082300000|  0%| F|  |TAMS 0x0000000082200000, 0x0000000082200000| Untracked 
|  35|0x0000000082300000, 0x0000000082300000, 0x0000000082400000|  0%| F|  |TAMS 0x0000000082300000, 0x0000000082300000| Untracked 
|  36|0x0000000082400000, 0x0000000082400000, 0x0000000082500000|  0%| F|  |TAMS 0x0000000082400000, 0x0000000082400000| Untracked 
|  37|0x0000000082500000, 0x0000000082500000, 0x0000000082600000|  0%| F|  |TAMS 0x0000000082500000, 0x0000000082500000| Untracked 
|  38|0x0000000082600000, 0x0000000082600000, 0x0000000082700000|  0%| F|  |TAMS 0x0000000082600000, 0x0000000082600000| Untracked 
|  39|0x0000000082700000, 0x0000000082700000, 0x0000000082800000|  0%| F|  |TAMS 0x0000000082700000, 0x0000000082700000| Untracked 
|  40|0x0000000082800000, 0x0000000082800000, 0x0000000082900000|  0%| F|  |TAMS 0x0000000082800000, 0x0000000082800000| Untracked 
|  41|0x0000000082900000, 0x0000000082900000, 0x0000000082a00000|  0%| F|  |TAMS 0x0000000082900000, 0x0000000082900000| Untracked 
|  42|0x0000000082a00000, 0x0000000082a00000, 0x0000000082b00000|  0%| F|  |TAMS 0x0000000082a00000, 0x0000000082a00000| Untracked 
|  43|0x0000000082b00000, 0x0000000082b00000, 0x0000000082c00000|  0%| F|  |TAMS 0x0000000082b00000, 0x0000000082b00000| Untracked 
|  44|0x0000000082c00000, 0x0000000082c00000, 0x0000000082d00000|  0%| F|  |TAMS 0x0000000082c00000, 0x0000000082c00000| Untracked 
|  45|0x0000000082d00000, 0x0000000082d00000, 0x0000000082e00000|  0%| F|  |TAMS 0x0000000082d00000, 0x0000000082d00000| Untracked 
|  46|0x0000000082e00000, 0x0000000082e00000, 0x0000000082f00000|  0%| F|  |TAMS 0x0000000082e00000, 0x0000000082e00000| Untracked 
|  47|0x0000000082f00000, 0x0000000082f00000, 0x0000000083000000|  0%| F|  |TAMS 0x0000000082f00000, 0x0000000082f00000| Untracked 
|  48|0x0000000083000000, 0x0000000083000000, 0x0000000083100000|  0%| F|  |TAMS 0x0000000083000000, 0x0000000083000000| Untracked 
|  49|0x0000000083100000, 0x0000000083100000, 0x0000000083200000|  0%| F|  |TAMS 0x0000000083100000, 0x0000000083100000| Untracked 
|  50|0x0000000083200000, 0x0000000083200000, 0x0000000083300000|  0%| F|  |TAMS 0x0000000083200000, 0x0000000083200000| Untracked 
|  51|0x0000000083300000, 0x0000000083300000, 0x0000000083400000|  0%| F|  |TAMS 0x0000000083300000, 0x0000000083300000| Untracked 
|  52|0x0000000083400000, 0x0000000083400000, 0x0000000083500000|  0%| F|  |TAMS 0x0000000083400000, 0x0000000083400000| Untracked 
|  53|0x0000000083500000, 0x0000000083500000, 0x0000000083600000|  0%| F|  |TAMS 0x0000000083500000, 0x0000000083500000| Untracked 
|  54|0x0000000083600000, 0x0000000083600000, 0x0000000083700000|  0%| F|  |TAMS 0x0000000083600000, 0x0000000083600000| Untracked 
|  55|0x0000000083700000, 0x0000000083700000, 0x0000000083800000|  0%| F|  |TAMS 0x0000000083700000, 0x0000000083700000| Untracked 
|  56|0x0000000083800000, 0x0000000083800000, 0x0000000083900000|  0%| F|  |TAMS 0x0000000083800000, 0x0000000083800000| Untracked 
|  57|0x0000000083900000, 0x0000000083900000, 0x0000000083a00000|  0%| F|  |TAMS 0x0000000083900000, 0x0000000083900000| Untracked 
|  58|0x0000000083a00000, 0x0000000083a00000, 0x0000000083b00000|  0%| F|  |TAMS 0x0000000083a00000, 0x0000000083a00000| Untracked 
|  59|0x0000000083b00000, 0x0000000083b00000, 0x0000000083c00000|  0%| F|  |TAMS 0x0000000083b00000, 0x0000000083b00000| Untracked 
|  60|0x0000000083c00000, 0x0000000083c00000, 0x0000000083d00000|  0%| F|  |TAMS 0x0000000083c00000, 0x0000000083c00000| Untracked 
|  61|0x0000000083d00000, 0x0000000083d00000, 0x0000000083e00000|  0%| F|  |TAMS 0x0000000083d00000, 0x0000000083d00000| Untracked 
|  62|0x0000000083e00000, 0x0000000083e00000, 0x0000000083f00000|  0%| F|  |TAMS 0x0000000083e00000, 0x0000000083e00000| Untracked 
|  63|0x0000000083f00000, 0x0000000083f00000, 0x0000000084000000|  0%| F|  |TAMS 0x0000000083f00000, 0x0000000083f00000| Untracked 
|  64|0x0000000084000000, 0x0000000084000000, 0x0000000084100000|  0%| F|  |TAMS 0x0000000084000000, 0x0000000084000000| Untracked 
|  65|0x0000000084100000, 0x0000000084100000, 0x0000000084200000|  0%| F|  |TAMS 0x0000000084100000, 0x0000000084100000| Untracked 
|  66|0x0000000084200000, 0x0000000084200000, 0x0000000084300000|  0%| F|  |TAMS 0x0000000084200000, 0x0000000084200000| Untracked 
|  67|0x0000000084300000, 0x0000000084300000, 0x0000000084400000|  0%| F|  |TAMS 0x0000000084300000, 0x0000000084300000| Untracked 
|  68|0x0000000084400000, 0x0000000084400000, 0x0000000084500000|  0%| F|  |TAMS 0x0000000084400000, 0x0000000084400000| Untracked 
|  69|0x0000000084500000, 0x0000000084500000, 0x0000000084600000|  0%| F|  |TAMS 0x0000000084500000, 0x0000000084500000| Untracked 
|  70|0x0000000084600000, 0x0000000084600000, 0x0000000084700000|  0%| F|  |TAMS 0x0000000084600000, 0x0000000084600000| Untracked 
|  71|0x0000000084700000, 0x0000000084700000, 0x0000000084800000|  0%| F|  |TAMS 0x0000000084700000, 0x0000000084700000| Untracked 
|  72|0x0000000084800000, 0x0000000084800000, 0x0000000084900000|  0%| F|  |TAMS 0x0000000084800000, 0x0000000084800000| Untracked 
|  73|0x0000000084900000, 0x0000000084900000, 0x0000000084a00000|  0%| F|  |TAMS 0x0000000084900000, 0x0000000084900000| Untracked 
|  74|0x0000000084a00000, 0x0000000084a00000, 0x0000000084b00000|  0%| F|  |TAMS 0x0000000084a00000, 0x0000000084a00000| Untracked 
|  75|0x0000000084b00000, 0x0000000084b00000, 0x0000000084c00000|  0%| F|  |TAMS 0x0000000084b00000, 0x0000000084b00000| Untracked 
|  76|0x0000000084c00000, 0x0000000084c00000, 0x0000000084d00000|  0%| F|  |TAMS 0x0000000084c00000, 0x0000000084c00000| Untracked 
|  77|0x0000000084d00000, 0x0000000084d00000, 0x0000000084e00000|  0%| F|  |TAMS 0x0000000084d00000, 0x0000000084d00000| Untracked 
|  78|0x0000000084e00000, 0x0000000084e00000, 0x0000000084f00000|  0%| F|  |TAMS 0x0000000084e00000, 0x0000000084e00000| Untracked 
|  79|0x0000000084f00000, 0x0000000084f00000, 0x0000000085000000|  0%| F|  |TAMS 0x0000000084f00000, 0x0000000084f00000| Untracked 
|  80|0x0000000085000000, 0x00000000850dae00, 0x0000000085100000| 85%| S|CS|TAMS 0x0000000085000000, 0x0000000085000000| Complete 
|  81|0x0000000085100000, 0x0000000085200000, 0x0000000085200000|100%| S|CS|TAMS 0x0000000085100000, 0x0000000085100000| Complete 
|  82|0x0000000085200000, 0x0000000085300000, 0x0000000085300000|100%| S|CS|TAMS 0x0000000085200000, 0x0000000085200000| Complete 
|  83|0x0000000085300000, 0x0000000085400000, 0x0000000085400000|100%| S|CS|TAMS 0x0000000085300000, 0x0000000085300000| Complete 
|  84|0x0000000085400000, 0x0000000085500000, 0x0000000085500000|100%| S|CS|TAMS 0x0000000085400000, 0x0000000085400000| Complete 
|  85|0x0000000085500000, 0x0000000085600000, 0x0000000085600000|100%| S|CS|TAMS 0x0000000085500000, 0x0000000085500000| Complete 
|  86|0x0000000085600000, 0x0000000085700000, 0x0000000085700000|100%| S|CS|TAMS 0x0000000085600000, 0x0000000085600000| Complete 
|  87|0x0000000085700000, 0x0000000085800000, 0x0000000085800000|100%| S|CS|TAMS 0x0000000085700000, 0x0000000085700000| Complete 
|  88|0x0000000085800000, 0x0000000085800000, 0x0000000085900000|  0%| F|  |TAMS 0x0000000085800000, 0x0000000085800000| Untracked 
|  89|0x0000000085900000, 0x0000000085900000, 0x0000000085a00000|  0%| F|  |TAMS 0x0000000085900000, 0x0000000085900000| Untracked 
|  90|0x0000000085a00000, 0x0000000085a00000, 0x0000000085b00000|  0%| F|  |TAMS 0x0000000085a00000, 0x0000000085a00000| Untracked 
|  91|0x0000000085b00000, 0x0000000085b00000, 0x0000000085c00000|  0%| F|  |TAMS 0x0000000085b00000, 0x0000000085b00000| Untracked 
|  92|0x0000000085c00000, 0x0000000085c00000, 0x0000000085d00000|  0%| F|  |TAMS 0x0000000085c00000, 0x0000000085c00000| Untracked 
|  93|0x0000000085d00000, 0x0000000085d00000, 0x0000000085e00000|  0%| F|  |TAMS 0x0000000085d00000, 0x0000000085d00000| Untracked 
|  94|0x0000000085e00000, 0x0000000085e00000, 0x0000000085f00000|  0%| F|  |TAMS 0x0000000085e00000, 0x0000000085e00000| Untracked 
|  95|0x0000000085f00000, 0x0000000085f00000, 0x0000000086000000|  0%| F|  |TAMS 0x0000000085f00000, 0x0000000085f00000| Untracked 
|  96|0x0000000086000000, 0x0000000086000000, 0x0000000086100000|  0%| F|  |TAMS 0x0000000086000000, 0x0000000086000000| Untracked 
|  97|0x0000000086100000, 0x0000000086100000, 0x0000000086200000|  0%| F|  |TAMS 0x0000000086100000, 0x0000000086100000| Untracked 
|  98|0x0000000086200000, 0x0000000086200000, 0x0000000086300000|  0%| F|  |TAMS 0x0000000086200000, 0x0000000086200000| Untracked 
|  99|0x0000000086300000, 0x0000000086300000, 0x0000000086400000|  0%| F|  |TAMS 0x0000000086300000, 0x0000000086300000| Untracked 
| 100|0x0000000086400000, 0x0000000086400000, 0x0000000086500000|  0%| F|  |TAMS 0x0000000086400000, 0x0000000086400000| Untracked 
| 101|0x0000000086500000, 0x0000000086500000, 0x0000000086600000|  0%| F|  |TAMS 0x0000000086500000, 0x0000000086500000| Untracked 
| 102|0x0000000086600000, 0x0000000086600000, 0x0000000086700000|  0%| F|  |TAMS 0x0000000086600000, 0x0000000086600000| Untracked 
| 103|0x0000000086700000, 0x0000000086700000, 0x0000000086800000|  0%| F|  |TAMS 0x0000000086700000, 0x0000000086700000| Untracked 
| 104|0x0000000086800000, 0x0000000086800000, 0x0000000086900000|  0%| F|  |TAMS 0x0000000086800000, 0x0000000086800000| Untracked 
| 105|0x0000000086900000, 0x0000000086900000, 0x0000000086a00000|  0%| F|  |TAMS 0x0000000086900000, 0x0000000086900000| Untracked 
| 106|0x0000000086a00000, 0x0000000086a00000, 0x0000000086b00000|  0%| F|  |TAMS 0x0000000086a00000, 0x0000000086a00000| Untracked 
| 107|0x0000000086b00000, 0x0000000086b00000, 0x0000000086c00000|  0%| F|  |TAMS 0x0000000086b00000, 0x0000000086b00000| Untracked 
| 108|0x0000000086c00000, 0x0000000086c00000, 0x0000000086d00000|  0%| F|  |TAMS 0x0000000086c00000, 0x0000000086c00000| Untracked 
| 109|0x0000000086d00000, 0x0000000086d00000, 0x0000000086e00000|  0%| F|  |TAMS 0x0000000086d00000, 0x0000000086d00000| Untracked 
| 110|0x0000000086e00000, 0x0000000086e00000, 0x0000000086f00000|  0%| F|  |TAMS 0x0000000086e00000, 0x0000000086e00000| Untracked 
| 111|0x0000000086f00000, 0x0000000086f00000, 0x0000000087000000|  0%| F|  |TAMS 0x0000000086f00000, 0x0000000086f00000| Untracked 
| 112|0x0000000087000000, 0x0000000087000000, 0x0000000087100000|  0%| F|  |TAMS 0x0000000087000000, 0x0000000087000000| Untracked 
| 113|0x0000000087100000, 0x0000000087100000, 0x0000000087200000|  0%| F|  |TAMS 0x0000000087100000, 0x0000000087100000| Untracked 
| 114|0x0000000087200000, 0x0000000087200000, 0x0000000087300000|  0%| F|  |TAMS 0x0000000087200000, 0x0000000087200000| Untracked 
| 115|0x0000000087300000, 0x0000000087300000, 0x0000000087400000|  0%| F|  |TAMS 0x0000000087300000, 0x0000000087300000| Untracked 
| 116|0x0000000087400000, 0x0000000087400000, 0x0000000087500000|  0%| F|  |TAMS 0x0000000087400000, 0x0000000087400000| Untracked 
| 117|0x0000000087500000, 0x0000000087500000, 0x0000000087600000|  0%| F|  |TAMS 0x0000000087500000, 0x0000000087500000| Untracked 
| 118|0x0000000087600000, 0x0000000087600000, 0x0000000087700000|  0%| F|  |TAMS 0x0000000087600000, 0x0000000087600000| Untracked 
| 119|0x0000000087700000, 0x0000000087700000, 0x0000000087800000|  0%| F|  |TAMS 0x0000000087700000, 0x0000000087700000| Untracked 
| 120|0x0000000087800000, 0x0000000087800000, 0x0000000087900000|  0%| F|  |TAMS 0x0000000087800000, 0x0000000087800000| Untracked 
| 121|0x0000000087900000, 0x0000000087900000, 0x0000000087a00000|  0%| F|  |TAMS 0x0000000087900000, 0x0000000087900000| Untracked 
| 122|0x0000000087a00000, 0x0000000087a00000, 0x0000000087b00000|  0%| F|  |TAMS 0x0000000087a00000, 0x0000000087a00000| Untracked 
| 123|0x0000000087b00000, 0x0000000087b00000, 0x0000000087c00000|  0%| F|  |TAMS 0x0000000087b00000, 0x0000000087b00000| Untracked 
| 124|0x0000000087c00000, 0x0000000087c00000, 0x0000000087d00000|  0%| F|  |TAMS 0x0000000087c00000, 0x0000000087c00000| Untracked 
| 125|0x0000000087d00000, 0x0000000087d00000, 0x0000000087e00000|  0%| F|  |TAMS 0x0000000087d00000, 0x0000000087d00000| Untracked 
| 126|0x0000000087e00000, 0x0000000087e00000, 0x0000000087f00000|  0%| F|  |TAMS 0x0000000087e00000, 0x0000000087e00000| Untracked 
| 127|0x0000000087f00000, 0x0000000087f00000, 0x0000000088000000|  0%| F|  |TAMS 0x0000000087f00000, 0x0000000087f00000| Untracked 
| 128|0x0000000088000000, 0x0000000088000000, 0x0000000088100000|  0%| F|  |TAMS 0x0000000088000000, 0x0000000088000000| Untracked 
| 129|0x0000000088100000, 0x0000000088100000, 0x0000000088200000|  0%| F|  |TAMS 0x0000000088100000, 0x0000000088100000| Untracked 
| 130|0x0000000088200000, 0x0000000088200000, 0x0000000088300000|  0%| F|  |TAMS 0x0000000088200000, 0x0000000088200000| Untracked 
| 131|0x0000000088300000, 0x0000000088300000, 0x0000000088400000|  0%| F|  |TAMS 0x0000000088300000, 0x0000000088300000| Untracked 
| 132|0x0000000088400000, 0x0000000088400000, 0x0000000088500000|  0%| F|  |TAMS 0x0000000088400000, 0x0000000088400000| Untracked 
| 133|0x0000000088500000, 0x0000000088500000, 0x0000000088600000|  0%| F|  |TAMS 0x0000000088500000, 0x0000000088500000| Untracked 
| 134|0x0000000088600000, 0x0000000088600000, 0x0000000088700000|  0%| F|  |TAMS 0x0000000088600000, 0x0000000088600000| Untracked 
| 135|0x0000000088700000, 0x0000000088700000, 0x0000000088800000|  0%| F|  |TAMS 0x0000000088700000, 0x0000000088700000| Untracked 
| 136|0x0000000088800000, 0x0000000088800000, 0x0000000088900000|  0%| F|  |TAMS 0x0000000088800000, 0x0000000088800000| Untracked 
| 137|0x0000000088900000, 0x0000000088900000, 0x0000000088a00000|  0%| F|  |TAMS 0x0000000088900000, 0x0000000088900000| Untracked 
| 138|0x0000000088a00000, 0x0000000088a00000, 0x0000000088b00000|  0%| F|  |TAMS 0x0000000088a00000, 0x0000000088a00000| Untracked 
| 139|0x0000000088b00000, 0x0000000088b00000, 0x0000000088c00000|  0%| F|  |TAMS 0x0000000088b00000, 0x0000000088b00000| Untracked 
| 140|0x0000000088c00000, 0x0000000088c00000, 0x0000000088d00000|  0%| F|  |TAMS 0x0000000088c00000, 0x0000000088c00000| Untracked 
| 141|0x0000000088d00000, 0x0000000088d00000, 0x0000000088e00000|  0%| F|  |TAMS 0x0000000088d00000, 0x0000000088d00000| Untracked 
| 142|0x0000000088e00000, 0x0000000088e00000, 0x0000000088f00000|  0%| F|  |TAMS 0x0000000088e00000, 0x0000000088e00000| Untracked 
| 143|0x0000000088f00000, 0x0000000088f00000, 0x0000000089000000|  0%| F|  |TAMS 0x0000000088f00000, 0x0000000088f00000| Untracked 
| 144|0x0000000089000000, 0x0000000089000000, 0x0000000089100000|  0%| F|  |TAMS 0x0000000089000000, 0x0000000089000000| Untracked 
| 145|0x0000000089100000, 0x0000000089100000, 0x0000000089200000|  0%| F|  |TAMS 0x0000000089100000, 0x0000000089100000| Untracked 
| 146|0x0000000089200000, 0x0000000089200000, 0x0000000089300000|  0%| F|  |TAMS 0x0000000089200000, 0x0000000089200000| Untracked 
| 147|0x0000000089300000, 0x0000000089300000, 0x0000000089400000|  0%| F|  |TAMS 0x0000000089300000, 0x0000000089300000| Untracked 
| 148|0x0000000089400000, 0x0000000089400000, 0x0000000089500000|  0%| F|  |TAMS 0x0000000089400000, 0x0000000089400000| Untracked 
| 149|0x0000000089500000, 0x0000000089500000, 0x0000000089600000|  0%| F|  |TAMS 0x0000000089500000, 0x0000000089500000| Untracked 
| 150|0x0000000089600000, 0x0000000089600000, 0x0000000089700000|  0%| F|  |TAMS 0x0000000089600000, 0x0000000089600000| Untracked 
| 151|0x0000000089700000, 0x0000000089700000, 0x0000000089800000|  0%| F|  |TAMS 0x0000000089700000, 0x0000000089700000| Untracked 
| 152|0x0000000089800000, 0x0000000089800000, 0x0000000089900000|  0%| F|  |TAMS 0x0000000089800000, 0x0000000089800000| Untracked 
| 153|0x0000000089900000, 0x0000000089900000, 0x0000000089a00000|  0%| F|  |TAMS 0x0000000089900000, 0x0000000089900000| Untracked 
| 154|0x0000000089a00000, 0x0000000089a00000, 0x0000000089b00000|  0%| F|  |TAMS 0x0000000089a00000, 0x0000000089a00000| Untracked 
| 155|0x0000000089b00000, 0x0000000089b00000, 0x0000000089c00000|  0%| F|  |TAMS 0x0000000089b00000, 0x0000000089b00000| Untracked 

Card table byte_map: [0x0000017ea8010000,0x0000017ea8410000] _byte_map_base: 0x0000017ea7c10000

Marking Bits (Prev, Next): (CMBitMap*) 0x0000017e9159fee0, (CMBitMap*) 0x0000017e9159fea8
 Prev Bits: [0x0000017eaa810000, 0x0000017eac810000)
 Next Bits: [0x0000017ea8810000, 0x0000017eaa810000)

Polling page: 0x0000017e8f480000

Metaspace:

Usage:
  Non-class:     30.05 MB capacity,    29.27 MB ( 97%) used,   670.72 KB (  2%) free+waste,   123.25 KB ( <1%) overhead. 
      Class:      4.73 MB capacity,     4.30 MB ( 91%) used,   380.43 KB (  8%) free+waste,    64.88 KB (  1%) overhead. 
       Both:     34.78 MB capacity,    33.57 MB ( 97%) used,     1.03 MB (  3%) free+waste,   188.13 KB ( <1%) overhead. 

Virtual space:
  Non-class space:       32.00 MB reserved,      30.25 MB ( 95%) committed 
      Class space:        1.00 GB reserved,       4.75 MB ( <1%) committed 
             Both:        1.03 GB reserved,      35.00 MB (  3%) committed 

Chunk freelists:
   Non-Class:  1.88 KB
       Class:  2.38 KB
        Both:  4.25 KB

CodeHeap 'non-profiled nmethods': size=239488Kb used=5381Kb max_used=5381Kb free=234106Kb
 bounds [0x0000017e99230000, 0x0000017e99780000, 0x0000017ea7c10000]
CodeHeap 'non-nmethods': size=6272Kb used=1155Kb max_used=1155Kb free=5116Kb
 bounds [0x0000017e98c10000, 0x0000017e98e80000, 0x0000017e99230000]
 total_blobs=4009 nmethods=3520 adapters=415
 compilation: enabled
              stopped_count=0, restarted_count=0
 full_count=0

Compilation events (10 events):
Event: 4.611 Thread 0x0000017eae9e2800 3515       1       jdk.internal.reflect.ClassFileAssembler::<init> (8 bytes)
Event: 4.611 Thread 0x0000017eae9e2800 nmethod 3515 0x0000017e99770090 code [0x0000017e99770220, 0x0000017e997704b8]
Event: 4.611 Thread 0x0000017eae9e2800 3516       1       jdk.internal.reflect.ClassFileAssembler::append (9 bytes)
Event: 4.612 Thread 0x0000017eae9e2800 nmethod 3516 0x0000017e99770590 code [0x0000017e99770760, 0x0000017e99770998]
Event: 4.613 Thread 0x0000017eae9e2800 3518   !   1       com.sun.proxy.$Proxy34::autowire (29 bytes)
Event: 4.613 Thread 0x0000017eae9e2800 nmethod 3518 0x0000017e99770c10 code [0x0000017e99770dc0, 0x0000017e99770fd8]
Event: 4.616 Thread 0x0000017eae9e2800 3519       1       java.lang.reflect.Modifier::isFinal (13 bytes)
Event: 4.616 Thread 0x0000017eae9e2800 nmethod 3519 0x0000017e99771110 code [0x0000017e997712a0, 0x0000017e99771358]
Event: 4.629 Thread 0x0000017eae9e2800 3520       1       java.lang.invoke.Invokers$Holder::linkToTargetMethod (11 bytes)
Event: 4.629 Thread 0x0000017eae9e2800 nmethod 3520 0x0000017e99771410 code [0x0000017e997715c0, 0x0000017e997716d8]

GC Heap History (10 events):
Event: 1.374 GC heap after
{Heap after GC invocations=4 (full 0):
 garbage-first heap   total 131072K, used 7755K [0x0000000080000000, 0x0000000100000000)
  region size 1024K, 1 young (1024K), 1 survivors (1024K)
 Metaspace       used 15815K, capacity 16308K, committed 16640K, reserved 1064960K
  class space    used 1764K, capacity 1944K, committed 2048K, reserved 1048576K
}
Event: 1.726 GC heap before
{Heap before GC invocations=4 (full 0):
 garbage-first heap   total 131072K, used 29259K [0x0000000080000000, 0x0000000100000000)
  region size 1024K, 22 young (22528K), 1 survivors (1024K)
 Metaspace       used 18629K, capacity 19225K, committed 19328K, reserved 1067008K
  class space    used 2167K, capacity 2420K, committed 2432K, reserved 1048576K
}
Event: 1.733 GC heap after
{Heap after GC invocations=5 (full 0):
 garbage-first heap   total 159744K, used 8659K [0x0000000080000000, 0x0000000100000000)
  region size 1024K, 2 young (2048K), 2 survivors (2048K)
 Metaspace       used 18629K, capacity 19225K, committed 19328K, reserved 1067008K
  class space    used 2167K, capacity 2420K, committed 2432K, reserved 1048576K
}
Event: 1.916 GC heap before
{Heap before GC invocations=5 (full 0):
 garbage-first heap   total 159744K, used 19923K [0x0000000080000000, 0x0000000100000000)
  region size 1024K, 15 young (15360K), 2 survivors (2048K)
 Metaspace       used 20499K, capacity 21154K, committed 21248K, reserved 1067008K
  class space    used 2470K, capacity 2772K, committed 2816K, reserved 1048576K
}
Event: 1.924 GC heap after
{Heap after GC invocations=6 (full 0):
 garbage-first heap   total 159744K, used 9118K [0x0000000080000000, 0x0000000100000000)
  region size 1024K, 2 young (2048K), 2 survivors (2048K)
 Metaspace       used 20499K, capacity 21154K, committed 21248K, reserved 1067008K
  class space    used 2470K, capacity 2772K, committed 2816K, reserved 1048576K
}
Event: 2.558 GC heap before
{Heap before GC invocations=7 (full 0):
 garbage-first heap   total 159744K, used 50078K [0x0000000080000000, 0x0000000100000000)
  region size 1024K, 43 young (44032K), 2 survivors (2048K)
 Metaspace       used 26328K, capacity 27113K, committed 27392K, reserved 1073152K
  class space    used 3208K, capacity 3550K, committed 3584K, reserved 1048576K
}
Event: 2.573 GC heap after
{Heap after GC invocations=8 (full 0):
 garbage-first heap   total 159744K, used 10659K [0x0000000080000000, 0x0000000100000000)
  region size 1024K, 4 young (4096K), 4 survivors (4096K)
 Metaspace       used 26328K, capacity 27113K, committed 27392K, reserved 1073152K
  class space    used 3208K, capacity 3550K, committed 3584K, reserved 1048576K
}
Event: 3.407 GC heap before
{Heap before GC invocations=8 (full 0):
 garbage-first heap   total 159744K, used 70051K [0x0000000080000000, 0x0000000100000000)
  region size 1024K, 62 young (63488K), 4 survivors (4096K)
 Metaspace       used 28578K, capacity 29498K, committed 29568K, reserved 1075200K
  class space    used 3520K, capacity 3928K, committed 3968K, reserved 1048576K
}
Event: 3.424 GC heap after
{Heap after GC invocations=9 (full 0):
 garbage-first heap   total 159744K, used 12383K [0x0000000080000000, 0x0000000100000000)
  region size 1024K, 5 young (5120K), 5 survivors (5120K)
 Metaspace       used 28578K, capacity 29498K, committed 29568K, reserved 1075200K
  class space    used 3520K, capacity 3928K, committed 3968K, reserved 1048576K
}
Event: 4.632 GC heap before
{Heap before GC invocations=9 (full 0):
 garbage-first heap   total 159744K, used 75871K [0x0000000080000000, 0x0000000100000000)
  region size 1024K, 68 young (69632K), 5 survivors (5120K)
 Metaspace       used 34374K, capacity 35614K, committed 35840K, reserved 1081344K
  class space    used 4399K, capacity 4845K, committed 4864K, reserved 1048576K
}

Deoptimization events (0 events):
No events

Classes redefined (0 events):
No events

Internal exceptions (10 events):
Event: 4.510 Thread 0x0000017eafd59000 Exception <a 'java/lang/ClassNotFoundException'{0x00000000863565e0}: org/springframework/ws/config/annotation/DelegatingWsConfigurationCustomizer> (0x00000000863565e0) thrown at [./open/src/hotspot/share/classfile/systemDictionary.cpp, line 226]
Event: 4.512 Thread 0x0000017eafd59000 Exception <a 'java/lang/ClassNotFoundException'{0x0000000086375148}: org/springframework/ws/config/annotation/DelegatingWsConfiguration$$EnhancerBySpringCGLIB$$aa2c6827Customizer> (0x0000000086375148) thrown at [./open/src/hotspot/share/classfile/systemDi
Event: 4.513 Thread 0x0000017eafd59000 Exception <a 'java/lang/ClassNotFoundException'{0x000000008639a2f0}: org/springframework/context/annotation/ConfigurationClassEnhancer$EnhancedConfigurationCustomizer> (0x000000008639a2f0) thrown at [./open/src/hotspot/share/classfile/systemDictionary.cpp
Event: 4.514 Thread 0x0000017eafd59000 Exception <a 'java/lang/ClassNotFoundException'{0x00000000863ae710}: org/springframework/beans/factory/BeanFactoryAwareCustomizer> (0x00000000863ae710) thrown at [./open/src/hotspot/share/classfile/systemDictionary.cpp, line 226]
Event: 4.514 Thread 0x0000017eafd59000 Exception <a 'java/lang/ClassNotFoundException'{0x00000000863c2010}: org/springframework/beans/factory/AwareCustomizer> (0x00000000863c2010) thrown at [./open/src/hotspot/share/classfile/systemDictionary.cpp, line 226]
Event: 4.603 Thread 0x0000017eafd59000 Exception <a 'java/lang/ClassNotFoundException'{0x0000000085fa8188}: java/lang/ObjectCustomizer> (0x0000000085fa8188) thrown at [./open/src/hotspot/share/classfile/systemDictionary.cpp, line 226]
Event: 4.604 Thread 0x0000017eafd59000 Exception <a 'java/lang/ClassNotFoundException'{0x0000000085fc5460}: org/springframework/transaction/annotation/AbstractTransactionManagementConfigurationCustomizer> (0x0000000085fc5460) thrown at [./open/src/hotspot/share/classfile/systemDictionary.cpp, 
Event: 4.606 Thread 0x0000017eafd59000 Exception <a 'java/lang/ClassNotFoundException'{0x0000000085fe0dc8}: org/springframework/transaction/annotation/ProxyTransactionManagementConfigurationCustomizer> (0x0000000085fe0dc8) thrown at [./open/src/hotspot/share/classfile/systemDictionary.cpp, lin
Event: 4.607 Thread 0x0000017eafd59000 Exception <a 'java/lang/ClassNotFoundException'{0x0000000085ff99f0}: org/springframework/context/annotation/ImportAwareCustomizer> (0x0000000085ff99f0) thrown at [./open/src/hotspot/share/classfile/systemDictionary.cpp, line 226]
Event: 4.608 Thread 0x0000017eafd59000 Exception <a 'java/lang/ClassNotFoundException'{0x0000000085e0ded0}: org/springframework/beans/factory/AwareCustomizer> (0x0000000085e0ded0) thrown at [./open/src/hotspot/share/classfile/systemDictionary.cpp, line 226]

Events (10 events):
Event: 4.628 loading class org/springframework/core/ReactiveAdapterRegistry done
Event: 4.629 loading class org/springframework/transaction/interceptor/TransactionAspectSupport$TransactionInfo
Event: 4.629 loading class org/springframework/transaction/interceptor/TransactionAspectSupport$TransactionInfo done
Event: 4.631 loading class org/springframework/transaction/TransactionStatus
Event: 4.631 loading class org/springframework/transaction/TransactionStatus done
Event: 4.631 loading class org/springframework/transaction/TransactionExecution
Event: 4.631 loading class org/springframework/transaction/TransactionExecution done
Event: 4.631 loading class org/springframework/transaction/SavepointManager
Event: 4.631 loading class org/springframework/transaction/SavepointManager done
Event: 4.632 Executing VM operation: CollectForMetadataAllocation


Dynamic libraries:
0x00007ff7ce5c0000 - 0x00007ff7ce5cf000 	C:\Program Files\Java\jdk-11.0.15\bin\javaw.exe
0x00007ff93dd70000 - 0x00007ff93df65000 	C:\Windows\SYSTEM32\ntdll.dll
0x00007ff93be70000 - 0x00007ff93bf2d000 	C:\Windows\System32\KERNEL32.DLL
0x00007ff93b5c0000 - 0x00007ff93b88d000 	C:\Windows\System32\KERNELBASE.dll
0x00007ff93b890000 - 0x00007ff93b990000 	C:\Windows\System32\ucrtbase.dll
0x00007ff924270000 - 0x00007ff924288000 	C:\Program Files\Java\jdk-11.0.15\bin\jli.dll
0x00007ff93d840000 - 0x00007ff93d8ee000 	C:\Windows\System32\ADVAPI32.dll
0x00007ff93d5d0000 - 0x00007ff93d66e000 	C:\Windows\System32\msvcrt.dll
0x00007ff93d8f0000 - 0x00007ff93d98c000 	C:\Windows\System32\sechost.dll
0x00007ff93bf30000 - 0x00007ff93c055000 	C:\Windows\System32\RPCRT4.dll
0x00007ff93cf90000 - 0x00007ff93d130000 	C:\Windows\System32\USER32.dll
0x00007ff93b480000 - 0x00007ff93b4a2000 	C:\Windows\System32\win32u.dll
0x00007ff93dc30000 - 0x00007ff93dc5a000 	C:\Windows\System32\GDI32.dll
0x00007ff93b4b0000 - 0x00007ff93b5bb000 	C:\Windows\System32\gdi32full.dll
0x00007ff93bb70000 - 0x00007ff93bc0d000 	C:\Windows\System32\msvcp_win.dll
0x00007ff924250000 - 0x00007ff924265000 	C:\Program Files\Java\jdk-11.0.15\bin\VCRUNTIME140.dll
0x00007ff91c6d0000 - 0x00007ff91c96a000 	C:\Windows\WinSxS\amd64_microsoft.windows.common-controls_6595b64144ccf1df_6.0.19041.1110_none_60b5254171f9507e\COMCTL32.dll
0x00007ff9332b0000 - 0x00007ff9332ba000 	C:\Windows\SYSTEM32\VERSION.dll
0x00007ff93be40000 - 0x00007ff93be70000 	C:\Windows\System32\IMM32.DLL
0x00007ff913cd0000 - 0x00007ff913d6b000 	C:\Program Files\Java\jdk-11.0.15\bin\msvcp140.dll
0x00007ff90b5f0000 - 0x00007ff90c106000 	C:\Program Files\Java\jdk-11.0.15\bin\server\jvm.dll
0x00007ff93db90000 - 0x00007ff93db98000 	C:\Windows\System32\PSAPI.DLL
0x00007ff936ea0000 - 0x00007ff936ea9000 	C:\Windows\SYSTEM32\WSOCK32.dll
0x00007ff93d720000 - 0x00007ff93d78b000 	C:\Windows\System32\WS2_32.dll
0x00007ff917cd0000 - 0x00007ff917cf7000 	C:\Windows\SYSTEM32\WINMM.dll
0x00007ff939360000 - 0x00007ff939372000 	C:\Windows\SYSTEM32\kernel.appcore.dll
0x00007ff9284e0000 - 0x00007ff9284f0000 	C:\Program Files\Java\jdk-11.0.15\bin\verify.dll
0x00007ff929e20000 - 0x00007ff92a004000 	C:\Windows\SYSTEM32\DBGHELP.DLL
0x00007ff929df0000 - 0x00007ff929e1c000 	C:\Windows\SYSTEM32\dbgcore.DLL
0x00007ff93ba00000 - 0x00007ff93ba82000 	C:\Windows\System32\bcryptPrimitives.dll
0x00007ff923be0000 - 0x00007ff923c08000 	C:\Program Files\Java\jdk-11.0.15\bin\java.dll
0x00007ff926880000 - 0x00007ff92688a000 	C:\Program Files\Java\jdk-11.0.15\bin\jimage.dll
0x00007ff91fb80000 - 0x00007ff91fb96000 	C:\Program Files\Java\jdk-11.0.15\bin\zip.dll
0x00007ff93c500000 - 0x00007ff93cc44000 	C:\Windows\System32\SHELL32.dll
0x00007ff939560000 - 0x00007ff939cf4000 	C:\Windows\SYSTEM32\windows.storage.dll
0x00007ff93d270000 - 0x00007ff93d5c4000 	C:\Windows\System32\combase.dll
0x00007ff93ad30000 - 0x00007ff93ad5c000 	C:\Windows\SYSTEM32\Wldp.dll
0x00007ff93d790000 - 0x00007ff93d83d000 	C:\Windows\System32\SHCORE.dll
0x00007ff93db30000 - 0x00007ff93db85000 	C:\Windows\System32\shlwapi.dll
0x00007ff93b3c0000 - 0x00007ff93b3df000 	C:\Windows\SYSTEM32\profapi.dll
0x00007ff91fb60000 - 0x00007ff91fb79000 	C:\Program Files\Java\jdk-11.0.15\bin\net.dll
0x00007ff932cf0000 - 0x00007ff932dfa000 	C:\Windows\SYSTEM32\WINHTTP.dll
0x00007ff93ab10000 - 0x00007ff93ab7a000 	C:\Windows\system32\mswsock.dll
0x00007ff91fb40000 - 0x00007ff91fb52000 	C:\Program Files\Java\jdk-11.0.15\bin\nio.dll
0x00007ff9266e0000 - 0x00007ff9266e9000 	C:\Program Files\Java\jdk-11.0.15\bin\management.dll
0x00007ff924970000 - 0x00007ff92497b000 	C:\Program Files\Java\jdk-11.0.15\bin\management_ext.dll
0x00007ff921710000 - 0x00007ff921727000 	C:\Windows\system32\napinsp.dll
0x00007ff9216f0000 - 0x00007ff92170b000 	C:\Windows\system32\pnrpnsp.dll
0x00007ff9216d0000 - 0x00007ff9216e5000 	C:\Windows\system32\wshbth.dll
0x00007ff936e40000 - 0x00007ff936e5d000 	C:\Windows\system32\NLAapi.dll
0x00007ff93a820000 - 0x00007ff93a85b000 	C:\Windows\SYSTEM32\IPHLPAPI.DLL
0x00007ff93a870000 - 0x00007ff93a93b000 	C:\Windows\SYSTEM32\DNSAPI.dll
0x00007ff93d990000 - 0x00007ff93d998000 	C:\Windows\System32\NSI.dll
0x00007ff9216b0000 - 0x00007ff9216c2000 	C:\Windows\System32\winrnr.dll
0x00007ff932790000 - 0x00007ff93279a000 	C:\Windows\System32\rasadhlp.dll
0x00007ff932b90000 - 0x00007ff932c10000 	C:\Windows\System32\fwpuclnt.dll
0x00007ff93bb40000 - 0x00007ff93bb67000 	C:\Windows\System32\bcrypt.dll
0x00007ff93ad70000 - 0x00007ff93ad88000 	C:\Windows\SYSTEM32\CRYPTSP.dll
0x00007ff93a4b0000 - 0x00007ff93a4e4000 	C:\Windows\system32\rsaenh.dll
0x00007ff93b340000 - 0x00007ff93b36e000 	C:\Windows\SYSTEM32\USERENV.dll
0x00007ff93aca0000 - 0x00007ff93acac000 	C:\Windows\SYSTEM32\CRYPTBASE.dll
0x00007ff933e00000 - 0x00007ff933e17000 	C:\Windows\SYSTEM32\dhcpcsvc6.DLL
0x00007ff933ab0000 - 0x00007ff933acd000 	C:\Windows\SYSTEM32\dhcpcsvc.DLL

dbghelp: loaded successfully - version: 4.0.5 - missing functions: none
symbol engine: initialized successfully - sym options: 0x614 - pdb path: .;C:\Program Files\Java\jdk-11.0.15\bin;C:\Windows\SYSTEM32;C:\Windows\WinSxS\amd64_microsoft.windows.common-controls_6595b64144ccf1df_6.0.19041.1110_none_60b5254171f9507e;C:\Program Files\Java\jdk-11.0.15\bin\server

VM Arguments:
jvm_args: -Dcom.sun.management.jmxremote -Dcom.sun.management.jmxremote.port=51670 -Dcom.sun.management.jmxremote.authenticate=false -Dcom.sun.management.jmxremote.ssl=false -Djava.rmi.server.hostname=localhost -Dspring.jmx.enabled=true -Dspring.application.admin.enabled=true -XX:TieredStopAtLevel=1 -Dspring.boot.project.name=amazon -Dfile.encoding=UTF-8 
java_command: amazonapp.AmazonApplication --spring.output.ansi.enabled=always
java_class_path (initial): C:\Users\sfjbs\Documents\workspace-spring-tool-suite-4-4.14.1.RELEASE\amazon\target\classes;C:\Users\sfjbs\.m2\repository\org\springframework\boot\spring-boot-starter-actuator\2.7.0\spring-boot-starter-actuator-2.7.0.jar;C:\Users\sfjbs\.m2\repository\org\springframework\boot\spring-boot-starter\2.7.0\spring-boot-starter-2.7.0.jar;C:\Users\sfjbs\.m2\repository\org\springframework\boot\spring-boot-starter-logging\2.7.0\spring-boot-starter-logging-2.7.0.jar;C:\Users\sfjbs\.m2\repository\ch\qos\logback\logback-classic\1.2.11\logback-classic-1.2.11.jar;C:\Users\sfjbs\.m2\repository\ch\qos\logback\logback-core\1.2.11\logback-core-1.2.11.jar;C:\Users\sfjbs\.m2\repository\org\apache\logging\log4j\log4j-to-slf4j\2.17.2\log4j-to-slf4j-2.17.2.jar;C:\Users\sfjbs\.m2\repository\org\apache\logging\log4j\log4j-api\2.17.2\log4j-api-2.17.2.jar;C:\Users\sfjbs\.m2\repository\org\slf4j\jul-to-slf4j\1.7.36\jul-to-slf4j-1.7.36.jar;C:\Users\sfjbs\.m2\repository\jakarta\annotation\jakarta.annotation-api\1.3.5\jakarta.annotation-api-1.3.5.jar;C:\Users\sfjbs\.m2\repository\org\yaml\snakeyaml\1.30\snakeyaml-1.30.jar;C:\Users\sfjbs\.m2\repository\org\springframework\boot\spring-boot-actuator-autoconfigure\2.7.0\spring-boot-actuator-autoconfigure-2.7.0.jar;C:\Users\sfjbs\.m2\repository\org\springframework\boot\spring-boot-actuator\2.7.0\spring-boot-actuator-2.7.0.jar;C:\Users\sfjbs\.m2\repository\com\fasterxml\jackson\core\jackson-databind\2.13.3\jackson-databind-2.13.3.jar;C:\Users\sfjbs\.m2\repository\com\fasterxml\jackson\core\jackson-annotations\2.13.3\jackson-annotations-2.13.3.jar;C:\Users\sfjbs\.m2\repository\com\fasterxml\jackson\core\jackson-core\2.13.3\jackson-core-2.13.3.jar;C:\Users\sfjbs\.m2\repository\com\fasterxml\jackson\datatype\jackson-datatype-jsr310\2.13.3\jackson-datatype-jsr310-2.13.3.jar;C:\Users\sfjbs\.m2\repository\io\micrometer\micrometer-core\1.9.0\micrometer-core-1.9.0.jar;C:\Users\sfjbs\.m2\repository\org\hdrhistogram\HdrHistogram\2.1.12
Launcher Type: SUN_STANDARD

[Global flags]
     intx CICompilerCount                          = 2                                         {product} {ergonomic}
     uint ConcGCThreads                            = 1                                         {product} {ergonomic}
     uint G1ConcRefinementThreads                  = 2                                         {product} {ergonomic}
   size_t G1HeapRegionSize                         = 1048576                                   {product} {ergonomic}
    uintx GCDrainStackTargetSize                   = 64                                        {product} {ergonomic}
   size_t InitialHeapSize                          = 134217728                                 {product} {ergonomic}
     bool ManagementServer                         = true                                      {product} {command line}
   size_t MarkStackSize                            = 4194304                                   {product} {ergonomic}
   size_t MaxHeapSize                              = 2147483648                                {product} {ergonomic}
   size_t MaxNewSize                               = 1287651328                                {product} {ergonomic}
   size_t MinHeapDeltaBytes                        = 1048576                                   {product} {ergonomic}
    uintx NonNMethodCodeHeapSize                   = 6396312                                {pd product} {ergonomic}
    uintx NonProfiledCodeHeapSize                  = 245261928                              {pd product} {ergonomic}
    uintx ProfiledCodeHeapSize                     = 0                                      {pd product} {ergonomic}
    uintx ReservedCodeCacheSize                    = 251658240                              {pd product} {ergonomic}
     bool SegmentedCodeCache                       = true                                      {product} {ergonomic}
     intx TieredStopAtLevel                        = 1                                         {product} {command line}
     bool UseCompressedClassPointers               = true                                 {lp64_product} {ergonomic}
     bool UseCompressedOops                        = true                                 {lp64_product} {ergonomic}
     bool UseG1GC                                  = true                                      {product} {ergonomic}
     bool UseLargePagesIndividualAllocation        = false                                  {pd product} {ergonomic}

Logging:
Log output configuration:
 #0: stdout all=warning uptime,level,tags
 #1: stderr all=off uptime,level,tags

Environment Variables:
PATH=C:/Users/sfjbs/Downloads/sts-4.14.1.RELEASE//plugins/org.eclipse.justj.openjdk.hotspot.jre.full.win32.x86_64_17.0.2.v20220201-1208/jre/bin/server;C:/Users/sfjbs/Downloads/sts-4.14.1.RELEASE//plugins/org.eclipse.justj.openjdk.hotspot.jre.full.win32.x86_64_17.0.2.v20220201-1208/jre/bin;C:\Program Files\Common Files\Oracle\Java\javapath;C:\Windows\system32;C:\Windows;C:\Windows\System32\Wbem;C:\Windows\System32\WindowsPowerShell\v1.0\;C:\Windows\System32\OpenSSH\;C:\Users\sfjbs\Downloads\javamicro-20220514T085749Z-001\javamicro\apache-maven-3.8.5-bin\apache-maven-3.8.5\bin;C:\Users\sfjbs\Downloads\javamicro-20220514T085749Z-001\javamicro\apache-maven-3.8.5-bin\apache-maven-3.8.5\lib;C:\Program Files\Git\cmd;C:\Program Files\Docker\Docker\resources\bin;C:\ProgramData\DockerDesktop\version-bin;C:\Users\sfjbs\AppData\Local\Microsoft\WindowsApps;C:\Users\sfjbs\Downloads\javamicro-20220514T085749Z-001\javamicro\apache-maven-3.8.5-bin\apache-maven-3.8.5\bin;C:\Users\sfjbs\Downloads\javamicro-20220514T085749Z-001\javamicro\apache-maven-3.8.5-bin\apache-maven-3.8.5\lib;;C:\Program Files\JetBrains\IntelliJ IDEA Community Edition 2021.3.3\bin;;C:\Users\sfjbs\Downloads\sts-4.14.1.RELEASE;
USERNAME=sfjbs
OS=Windows_NT
PROCESSOR_IDENTIFIER=Intel64 Family 6 Model 85 Stepping 4, GenuineIntel



---------------  S Y S T E M  ---------------

OS: Windows 10 , 64 bit Build 19041 (10.0.19041.1706)
Hyper-V role detected

CPU:total 2 (initial active 2) (1 cores per cpu, 2 threads per core) family 6 model 85 stepping 4 microcode 0xffffffff, cmov, cx8, fxsr, mmx, sse, sse2, sse3, ssse3, sse4.1, sse4.2, popcnt, avx, avx2, aes, clmul, erms, rtm, 3dnowpref, lzcnt, ht, tsc, bmi1, bmi2, adx, fma

Memory: 4k page, system-wide physical 8190M (874M free)
TotalPageFile size 10238M (AvailPageFile size 42M)
current process WorkingSet (physical memory assigned to process): 167M, peak: 167M
current process commit charge ("private bytes"): 271M, peak: 322M

vm_info: Java HotSpot(TM) 64-Bit Server VM (11.0.15+8-LTS-149) for windows-amd64 JRE (11.0.15+8-LTS-149), built on Mar  9 2022 22:42:32 by "mach5one" with MS VC++ 15.9 (VS2017)

END.
